<?xml version="1.0" encoding="UTF-8"?>
<testsuite name="PairingRequestTest" tests="11" skipped="0" failures="0" errors="0" timestamp="2016-12-07T00:42:31" hostname="Mereckis-iMac.local" time="0.24">
  <properties/>
  <testcase name="buildAndPair1" classname="PairingRequestTest" time="0.109"/>
  <testcase name="buildAndPair2" classname="PairingRequestTest" time="0.009"/>
  <testcase name="buildAndPair3" classname="PairingRequestTest" time="0.013"/>
  <testcase name="buildAndPair4" classname="PairingRequestTest" time="0.009"/>
  <testcase name="buildAndPair5" classname="PairingRequestTest" time="0.015"/>
  <testcase name="buildAndPair6" classname="PairingRequestTest" time="0.012"/>
  <testcase name="buildAndPair7" classname="PairingRequestTest" time="0.012"/>
  <testcase name="buildAndPair8" classname="PairingRequestTest" time="0.017"/>
  <testcase name="buildAndPair1_1" classname="PairingRequestTest" time="0.008"/>
  <testcase name="buildAndPair1_2" classname="PairingRequestTest" time="0.024"/>
  <testcase name="buildAndPair3_1" classname="PairingRequestTest" time="0.009"/>
  <system-out><![CDATA[Input for PairingRequest
OptionRoot: {optionRootSymbol:MSFT, exerciseStyle:A, underlyerType:S, deliverables:[Deliverable: {symbol:MSFT, qty:100, price:60.40, maintenancePct:0.25, deliverableType:S}]}OptionRoot: {optionRootSymbol:CSCO, exerciseStyle:A, underlyerType:S, deliverables:[Deliverable: {symbol:CSCO, qty:100, price:84.30, maintenancePct:0.25, deliverableType:S}]}OptionRoot: {optionRootSymbol:BP, exerciseStyle:A, underlyerType:S, deliverables:[Deliverable: {symbol:BP, qty:100, price:134.03, maintenancePct:0.25, deliverableType:S}]}
Account: account1
Positions:
Position: {symbol:MSFT  160115C00047500, qty: 6, price: 13.06, optionConfig: {optionRoot: MSFT, optionType: C, strike: 47.50, expiry: "2016-01-15 16:00"}}
Position: {symbol:MSFT  160115C00050000, qty: -8, price: 10.40, optionConfig: {optionRoot: MSFT, optionType: C, strike: 50.00, expiry: "2016-01-15 16:00"}}
Position: {symbol:MSFT  160115C00055000, qty: 5, price: 5.01, optionConfig: {optionRoot: MSFT, optionType: C, strike: 55.00, expiry: "2016-01-15 16:00"}}
Position: {symbol:MSFT  160115P00080000, qty: -4, price: 28.70, optionConfig: {optionRoot: MSFT, optionType: P, strike: 80.00, expiry: "2016-01-15 16:00"}}
Position: {symbol:MSFT  160115P00082000, qty: 5, price: 30.19, optionConfig: {optionRoot: MSFT, optionType: P, strike: 82.00, expiry: "2016-01-15 16:00"}}
Position: {symbol:CSCO  160115C00060000, description: "CSCO Jan-16 60 Call", qty: -2, price: 25.04, optionConfig: {optionRoot: CSCO, optionType: C, strike: 60.00, expiry: "2016-01-15 16:00"}}
Position: {symbol:CSCO  160115C00067500, description: "CSCO Jan-16 67.50 Call", qty: 6, price: 17.50, optionConfig: {optionRoot: CSCO, optionType: C, strike: 67.50, expiry: "2016-01-15 16:00"}}
Position: {symbol:CSCO  160115C00075000, description: "CSCO Jan-16 75.00 Call", qty: -1, price: 9.30, optionConfig: {optionRoot: CSCO, optionType: C, strike: 75.00, expiry: "2016-01-15 16:00"}}
Position: {symbol:CSCO  160115C00030000, description: "CSCO Jan-16 30.00 Put", qty: 3, price: 0.05, optionConfig: {optionRoot: CSCO, optionType: P, strike: 30.00, expiry: "2016-01-15 16:00"}}
Position: {symbol:CSCO  160115C00035000, description: "CSCO Jan-16 35.00 Put", qty: -5, price: 0.07, optionConfig: {optionRoot: CSCO, optionType: P, strike: 35.00, expiry: "2016-01-15 16:00"}}
Position: {symbol:BP    160115C00075000, qty: 6, price: 59.20, optionConfig: {optionRoot: BP, optionType: C, strike: 75.00, expiry: "2016-01-15 16:00"}}
Position: {symbol:BP    160115C00080000, qty: -16, price: 54.67, optionConfig: {optionRoot: BP, optionType: C, strike: 80.00, expiry: "2016-01-15 16:00"}}
Position: {symbol:BP    160115C00085000, qty: 17, price: 49.21, optionConfig: {optionRoot: BP, optionType: C, strike: 85.00, expiry: "2016-01-15 16:00"}}
Position: {symbol:BP    160115C00090000, qty: -4, price: 44.30, optionConfig: {optionRoot: BP, optionType: C, strike: 90.00, expiry: "2016-01-15 16:00"}}
Position: {symbol:BP    160115P00045000, qty: 6, price: 0.04, optionConfig: {optionRoot: BP, optionType: P, strike: 45.00, expiry: "2016-01-15 16:00"}}
Position: {symbol:BP    160115P00050000, qty: -16, price: 0.70, optionConfig: {optionRoot: BP, optionType: P, strike: 50.00, expiry: "2016-01-15 16:00"}}
Position: {symbol:BP    160115P00055000, qty: 17, price: 1.30, optionConfig: {optionRoot: BP, optionType: P, strike: 55.00, expiry: "2016-01-15 16:00"}}
Position: {symbol:BP    160115P00060000, qty: -4, price: 1.75, optionConfig: {optionRoot: BP, optionType: P, strike: 60.00, expiry: "2016-01-15 16:00"}}

AccountID 'account1' total initial margin=8285.00000 total maintenance margin=8285.00000, strategies:
Option root 'MSFT'
Strategy: {strategyName: CallVerticalLong, quantity: 6, maintenanceMargin: 0, initialMargin: 0, pureNakedMargin: 13488.0000, legs: [optionLeg: {symbol: "MSFT  160115C00047500", qty: 6, price: 13.06, optionConfig: {optionRoot: MSFT, optionType: C, strike: 47.50, expiry: "2016-01-15 16:00"}}, optionLeg: {symbol: "MSFT  160115C00050000", qty: -6, price: 10.40, optionConfig: {optionRoot: MSFT, optionType: C, strike: 50.00, expiry: "2016-01-15 16:00"}}]}
Strategy: {strategyName: PutVerticalLong, quantity: 4, maintenanceMargin: 0, initialMargin: 0, pureNakedMargin: 16312.0000, legs: [optionLeg: {symbol: "MSFT  160115P00080000", qty: -4, price: 28.70, optionConfig: {optionRoot: MSFT, optionType: P, strike: 80.00, expiry: "2016-01-15 16:00"}}, optionLeg: {symbol: "MSFT  160115P00082000", qty: 4, price: 30.19, optionConfig: {optionRoot: MSFT, optionType: P, strike: 82.00, expiry: "2016-01-15 16:00"}}]}
Strategy: {strategyName: CallVerticalShort, quantity: 2, maintenanceMargin: 1000.0000, initialMargin: 1000.0000, pureNakedMargin: 4496.0000, legs: [optionLeg: {symbol: "MSFT  160115C00050000", qty: -2, price: 10.40, optionConfig: {optionRoot: MSFT, optionType: C, strike: 50.00, expiry: "2016-01-15 16:00"}}, optionLeg: {symbol: "MSFT  160115C00055000", qty: 2, price: 5.01, optionConfig: {optionRoot: MSFT, optionType: C, strike: 55.00, expiry: "2016-01-15 16:00"}}]}
Strategy: {strategyName: CallUnpairedLong, quantity: 3, maintenanceMargin: 0, initialMargin: 0, pureNakedMargin: 0, legs: [optionLeg: {symbol: "MSFT  160115C00055000", qty: 3, price: 5.01, optionConfig: {optionRoot: MSFT, optionType: C, strike: 55.00, expiry: "2016-01-15 16:00"}}]}
Strategy: {strategyName: PutUnpairedLong, quantity: 1, maintenanceMargin: 0, initialMargin: 0, pureNakedMargin: 0, legs: [optionLeg: {symbol: "MSFT  160115P00082000", qty: 1, price: 30.19, optionConfig: {optionRoot: MSFT, optionType: P, strike: 82.00, expiry: "2016-01-15 16:00"}}]}
Option root 'CSCO'
Strategy: {strategyName: CallButterflyShort, quantity: 1, maintenanceMargin: 750.0000, initialMargin: 750.0000, pureNakedMargin: 6806.0000, legs: [optionLeg: {symbol: "CSCO  160115C00060000", description: "CSCO Jan-16 60 Call", qty: -1, price: 25.04, optionConfig: {optionRoot: CSCO, optionType: C, strike: 60.00, expiry: "2016-01-15 16:00"}}, optionLeg: {symbol: "CSCO  160115C00067500", description: "CSCO Jan-16 67.50 Call", qty: 2, price: 17.50, optionConfig: {optionRoot: CSCO, optionType: C, strike: 67.50, expiry: "2016-01-15 16:00"}}, optionLeg: {symbol: "CSCO  160115C00075000", description: "CSCO Jan-16 75.00 Call", qty: -1, price: 9.30, optionConfig: {optionRoot: CSCO, optionType: C, strike: 75.00, expiry: "2016-01-15 16:00"}}]}
Strategy: {strategyName: CallVerticalShort, quantity: 1, maintenanceMargin: 750.0000, initialMargin: 750.0000, pureNakedMargin: 4190.0000, legs: [optionLeg: {symbol: "CSCO  160115C00060000", description: "CSCO Jan-16 60 Call", qty: -1, price: 25.04, optionConfig: {optionRoot: CSCO, optionType: C, strike: 60.00, expiry: "2016-01-15 16:00"}}, optionLeg: {symbol: "CSCO  160115C00067500", description: "CSCO Jan-16 67.50 Call", qty: 1, price: 17.50, optionConfig: {optionRoot: CSCO, optionType: C, strike: 67.50, expiry: "2016-01-15 16:00"}}]}
Strategy: {strategyName: PutUnpairedShort, quantity: 5, maintenanceMargin: 1785.00000, marginDebug: {"((8430.00 * 0.2 + -4930.000) * 5) + 35.0000, (((35.00 * 100.00) - 0) * 5 * 0.1) + 35.0000"}, initialMargin: 1785.00000, pureNakedMargin: 1785.00000, legs: [optionLeg: {symbol: "CSCO  160115C00035000", description: "CSCO Jan-16 35.00 Put", qty: -5, price: 0.07, optionConfig: {optionRoot: CSCO, optionType: P, strike: 35.00, expiry: "2016-01-15 16:00"}}]}
Strategy: {strategyName: CallUnpairedLong, quantity: 3, maintenanceMargin: 0, initialMargin: 0, pureNakedMargin: 0, legs: [optionLeg: {symbol: "CSCO  160115C00067500", description: "CSCO Jan-16 67.50 Call", qty: 3, price: 17.50, optionConfig: {optionRoot: CSCO, optionType: C, strike: 67.50, expiry: "2016-01-15 16:00"}}]}
Strategy: {strategyName: PutUnpairedLong, quantity: 3, maintenanceMargin: 0, initialMargin: 0, pureNakedMargin: 0, legs: [optionLeg: {symbol: "CSCO  160115C00030000", description: "CSCO Jan-16 30.00 Put", qty: 3, price: 0.05, optionConfig: {optionRoot: CSCO, optionType: P, strike: 30.00, expiry: "2016-01-15 16:00"}}]}
Option root 'BP'
Strategy: {strategyName: CallButterflyLong, quantity: 6, maintenanceMargin: 0, initialMargin: 0, pureNakedMargin: 81687.6000, legs: [optionLeg: {symbol: "BP    160115C00075000", qty: 6, price: 59.20, optionConfig: {optionRoot: BP, optionType: C, strike: 75.00, expiry: "2016-01-15 16:00"}}, optionLeg: {symbol: "BP    160115C00080000", qty: -12, price: 54.67, optionConfig: {optionRoot: BP, optionType: C, strike: 80.00, expiry: "2016-01-15 16:00"}}, optionLeg: {symbol: "BP    160115C00085000", qty: 6, price: 49.21, optionConfig: {optionRoot: BP, optionType: C, strike: 85.00, expiry: "2016-01-15 16:00"}}]}
Strategy: {strategyName: PutButterflyLong, quantity: 6, maintenanceMargin: 0, initialMargin: 0, pureNakedMargin: 3840.00000, legs: [optionLeg: {symbol: "BP    160115P00045000", qty: 6, price: 0.04, optionConfig: {optionRoot: BP, optionType: P, strike: 45.00, expiry: "2016-01-15 16:00"}}, optionLeg: {symbol: "BP    160115P00050000", qty: -12, price: 0.70, optionConfig: {optionRoot: BP, optionType: P, strike: 50.00, expiry: "2016-01-15 16:00"}}, optionLeg: {symbol: "BP    160115P00055000", qty: 6, price: 1.30, optionConfig: {optionRoot: BP, optionType: P, strike: 55.00, expiry: "2016-01-15 16:00"}}]}
Strategy: {strategyName: CallButterflyShort, quantity: 4, maintenanceMargin: 2000.0000, initialMargin: 2000.0000, pureNakedMargin: 61032.8000, legs: [optionLeg: {symbol: "BP    160115C00080000", qty: -4, price: 54.67, optionConfig: {optionRoot: BP, optionType: C, strike: 80.00, expiry: "2016-01-15 16:00"}}, optionLeg: {symbol: "BP    160115C00085000", qty: 8, price: 49.21, optionConfig: {optionRoot: BP, optionType: C, strike: 85.00, expiry: "2016-01-15 16:00"}}, optionLeg: {symbol: "BP    160115C00090000", qty: -4, price: 44.30, optionConfig: {optionRoot: BP, optionType: C, strike: 90.00, expiry: "2016-01-15 16:00"}}]}
Strategy: {strategyName: PutButterflyShort, quantity: 4, maintenanceMargin: 2000.0000, initialMargin: 2000.0000, pureNakedMargin: 5380.00000, legs: [optionLeg: {symbol: "BP    160115P00050000", qty: -4, price: 0.70, optionConfig: {optionRoot: BP, optionType: P, strike: 50.00, expiry: "2016-01-15 16:00"}}, optionLeg: {symbol: "BP    160115P00055000", qty: 8, price: 1.30, optionConfig: {optionRoot: BP, optionType: P, strike: 55.00, expiry: "2016-01-15 16:00"}}, optionLeg: {symbol: "BP    160115P00060000", qty: -4, price: 1.75, optionConfig: {optionRoot: BP, optionType: P, strike: 60.00, expiry: "2016-01-15 16:00"}}]}
Strategy: {strategyName: CallUnpairedLong, quantity: 3, maintenanceMargin: 0, initialMargin: 0, pureNakedMargin: 0, legs: [optionLeg: {symbol: "BP    160115C00085000", qty: 3, price: 49.21, optionConfig: {optionRoot: BP, optionType: C, strike: 85.00, expiry: "2016-01-15 16:00"}}]}
Strategy: {strategyName: PutUnpairedLong, quantity: 3, maintenanceMargin: 0, initialMargin: 0, pureNakedMargin: 0, legs: [optionLeg: {symbol: "BP    160115P00055000", qty: 3, price: 1.30, optionConfig: {optionRoot: BP, optionType: P, strike: 55.00, expiry: "2016-01-15 16:00"}}]}
all strategy groups by root:
{MSFT=coreList1, CSCO=coreList1, BP=coreList1}

Input for PairingRequest
OptionRoot: {optionRootSymbol:MSFT, exerciseStyle:A, underlyerType:S, deliverables:[Deliverable: {symbol:MSFT, qty:100, price:60.40, maintenancePct:0.25, deliverableType:S}]}
Account: account2
Positions:
Position: {symbol:MSFT  160115C00047500, qty: 6, price: 12.68, optionConfig: {optionRoot: MSFT, optionType: C, strike: 47.50, expiry: "2016-01-15 16:00"}}
Position: {symbol:MSFT  160115C00050000, qty: 7, price: 9.89, optionConfig: {optionRoot: MSFT, optionType: C, strike: 50.00, expiry: "2016-02-19 16:00"}}
Position: {symbol:MSFT  160115C00055000, qty: -10, price: 5.89, optionConfig: {optionRoot: MSFT, optionType: C, strike: 55.00, expiry: "2016-02-19 16:00"}}
Position: {symbol:MSFT, qty: 960, price: 60.40}

AccountID 'account2' total initial margin=1215.00000000 total maintenance margin=1215.00000000, strategies:
Option root 'MSFT'
Strategy: {strategyName: CallVerticalLongNoStock, quantity: 7, maintenanceMargin: 0, initialMargin: 0, pureNakedMargin: 12579.0000, legs: [optionLeg: {symbol: "MSFT  160115C00050000", qty: 7, price: 9.89, optionConfig: {optionRoot: MSFT, optionType: C, strike: 50.00, expiry: "2016-02-19 16:00"}}, optionLeg: {symbol: "MSFT  160115C00055000", qty: -7, price: 5.89, optionConfig: {optionRoot: MSFT, optionType: C, strike: 55.00, expiry: "2016-02-19 16:00"}}]}
Strategy: {strategyName: CoveredCall, quantity: 3, maintenanceMargin: 1215.00000000, initialMargin: 1215.00000000, pureNakedMargin: 5391.0000, legs: [optionLeg: {symbol: "MSFT  160115C00055000", qty: -3, price: 5.89, optionConfig: {optionRoot: MSFT, optionType: C, strike: 55.00, expiry: "2016-02-19 16:00"}}, DeliverableLeg: {qty: 3, price: 6040.00, multiLegs:[stockLeg: {symbol: "MSFT", qty: 300, price: 60.40}]}]}
Strategy: {strategyName: CallUnpairedLong, quantity: 6, maintenanceMargin: 0, initialMargin: 0, pureNakedMargin: 0, legs: [optionLeg: {symbol: "MSFT  160115C00047500", qty: 6, price: 12.68, optionConfig: {optionRoot: MSFT, optionType: C, strike: 47.50, expiry: "2016-01-15 16:00"}}]}
Strategy: {strategyName: StockUnpairedLong, quantity: 660, maintenanceMargin: 0, initialMargin: 0, pureNakedMargin: 0, legs: [stockLeg: {symbol: "MSFT", qty: 660, price: 60.40}]}
all strategy groups by root:
{MSFT=coreList1}

Input for PairingRequest
OptionRoot: {optionRootSymbol:GPRO, exerciseStyle:A, underlyerType:S, deliverables:[Deliverable: {symbol:GPRO, qty:100, price:46.00, maintenancePct:0.25, deliverableType:S}]}
Account: account3_1
Positions:
Position: {symbol:GPRO  160115P00045000, qty: 5, price: 1.03, optionConfig: {optionRoot: GPRO, optionType: P, strike: 45.00, expiry: "2016-01-15 16:00"}}
Position: {symbol:GPRO  160115P00050000, qty: -6, price: 4.23, optionConfig: {optionRoot: GPRO, optionType: P, strike: 50.00, expiry: "2016-01-15 16:00"}}
Position: {symbol:GPRO  160115C00050000, qty: -7, price: 3.03, optionConfig: {optionRoot: GPRO, optionType: C, strike: 50.00, expiry: "2016-01-15 16:00"}}
Position: {symbol:GPRO  160115C00055000, qty: 10, price: 2.75, optionConfig: {optionRoot: GPRO, optionType: C, strike: 55.00, expiry: "2016-01-15 16:00"}}
Account: account3
Positions:
Position: {symbol:GPRO  160115C00080000, qty: -6, price: 6.50, optionConfig: {optionRoot: GPRO, optionType: P, strike: 80.00, expiry: "2016-01-15 16:00"}}
Position: {symbol:GPRO  160115C00085000, qty: 8, price: 6.50, optionConfig: {optionRoot: GPRO, optionType: P, strike: 85.00, expiry: "2016-01-15 16:00"}}
Position: {symbol:GPRO  160115C00085000, qty: 8, price: 6.50, optionConfig: {optionRoot: GPRO, optionType: C, strike: 85.00, expiry: "2016-01-15 16:00"}}
Position: {symbol:GPRO  160115C00090000, qty: -6, price: 6.50, optionConfig: {optionRoot: GPRO, optionType: C, strike: 90.00, expiry: "2016-01-15 16:00"}}

AccountID 'account3_1' total initial margin=4843.0000 total maintenance margin=4843.0000, strategies:
Option root 'GPRO'
Strategy: {strategyName: IronButterflyShort, quantity: 5, maintenanceMargin: 2500.0000, initialMargin: 2500.0000, pureNakedMargin: 10830.0000, legs: [optionLeg: {symbol: "GPRO  160115P00045000", qty: 5, price: 1.03, optionConfig: {optionRoot: GPRO, optionType: P, strike: 45.00, expiry: "2016-01-15 16:00"}}, optionLeg: {symbol: "GPRO  160115P00050000", qty: -5, price: 4.23, optionConfig: {optionRoot: GPRO, optionType: P, strike: 50.00, expiry: "2016-01-15 16:00"}}, optionLeg: {symbol: "GPRO  160115C00050000", qty: -5, price: 3.03, optionConfig: {optionRoot: GPRO, optionType: C, strike: 50.00, expiry: "2016-01-15 16:00"}}, optionLeg: {symbol: "GPRO  160115C00055000", qty: 5, price: 2.75, optionConfig: {optionRoot: GPRO, optionType: C, strike: 55.00, expiry: "2016-01-15 16:00"}}]}
Strategy: {strategyName: CallVerticalShort, quantity: 2, maintenanceMargin: 1000.0000, initialMargin: 1000.0000, pureNakedMargin: 1646.0000, legs: [optionLeg: {symbol: "GPRO  160115C00050000", qty: -2, price: 3.03, optionConfig: {optionRoot: GPRO, optionType: C, strike: 50.00, expiry: "2016-01-15 16:00"}}, optionLeg: {symbol: "GPRO  160115C00055000", qty: 2, price: 2.75, optionConfig: {optionRoot: GPRO, optionType: C, strike: 55.00, expiry: "2016-01-15 16:00"}}]}
Strategy: {strategyName: PutUnpairedShort, quantity: 1, maintenanceMargin: 1343.0000, marginDebug: {"((4600.00 * 0.2 + 0) * 1) + 423.0000, (((50.00 * 100.00) - 0) * 1 * 0.1) + 423.0000"}, initialMargin: 1343.0000, pureNakedMargin: 1343.0000, legs: [optionLeg: {symbol: "GPRO  160115P00050000", qty: -1, price: 4.23, optionConfig: {optionRoot: GPRO, optionType: P, strike: 50.00, expiry: "2016-01-15 16:00"}}]}
Strategy: {strategyName: CallUnpairedLong, quantity: 3, maintenanceMargin: 0, initialMargin: 0, pureNakedMargin: 0, legs: [optionLeg: {symbol: "GPRO  160115C00055000", qty: 3, price: 2.75, optionConfig: {optionRoot: GPRO, optionType: C, strike: 55.00, expiry: "2016-01-15 16:00"}}]}
all strategy groups by root:
{GPRO=coreList1}
AccountID 'account3' total initial margin=0 total maintenance margin=0, strategies:
Option root 'GPRO'
Strategy: {strategyName: IronButterflyLong, quantity: 6, maintenanceMargin: 0, initialMargin: 0, pureNakedMargin: 16080.0000, legs: [optionLeg: {symbol: "GPRO  160115C00080000", qty: -6, price: 6.50, optionConfig: {optionRoot: GPRO, optionType: P, strike: 80.00, expiry: "2016-01-15 16:00"}}, optionLeg: {symbol: "GPRO  160115C00085000", qty: 6, price: 6.50, optionConfig: {optionRoot: GPRO, optionType: P, strike: 85.00, expiry: "2016-01-15 16:00"}}, optionLeg: {symbol: "GPRO  160115C00085000", qty: 6, price: 6.50, optionConfig: {optionRoot: GPRO, optionType: C, strike: 85.00, expiry: "2016-01-15 16:00"}}, optionLeg: {symbol: "GPRO  160115C00090000", qty: -6, price: 6.50, optionConfig: {optionRoot: GPRO, optionType: C, strike: 90.00, expiry: "2016-01-15 16:00"}}]}
Strategy: {strategyName: CallUnpairedLong, quantity: 2, maintenanceMargin: 0, initialMargin: 0, pureNakedMargin: 0, legs: [optionLeg: {symbol: "GPRO  160115C00085000", qty: 2, price: 6.50, optionConfig: {optionRoot: GPRO, optionType: C, strike: 85.00, expiry: "2016-01-15 16:00"}}]}
Strategy: {strategyName: PutUnpairedLong, quantity: 2, maintenanceMargin: 0, initialMargin: 0, pureNakedMargin: 0, legs: [optionLeg: {symbol: "GPRO  160115C00085000", qty: 2, price: 6.50, optionConfig: {optionRoot: GPRO, optionType: P, strike: 85.00, expiry: "2016-01-15 16:00"}}]}
all strategy groups by root:
{GPRO=coreList1}

Input for PairingRequest
OptionRoot: {optionRootSymbol:GPRO, exerciseStyle:A, underlyerType:S, deliverables:[Deliverable: {symbol:GPRO, qty:100, price:46.00, maintenancePct:0.25, deliverableType:S}]}
Account: account4
Positions:
Position: {symbol:GPRO  160115P00040000, qty: -10, price: 1.03, optionConfig: {optionRoot: GPRO, optionType: P, strike: 40.00, expiry: "2016-01-15 16:00"}}
Position: {symbol:GPRO  160115P00050000, qty: -10, price: 4.23, optionConfig: {optionRoot: GPRO, optionType: P, strike: 50.00, expiry: "2016-01-15 16:00"}}
Position: {symbol:GPRO  160115P00060000, qty: -10, price: 14.56, optionConfig: {optionRoot: GPRO, optionType: P, strike: 60.00, expiry: "2016-01-15 16:00"}}
Account: account4_1
Positions:
Position: {symbol:GPRO  160115C00040000, qty: -10, price: 6.57, optionConfig: {optionRoot: GPRO, optionType: C, strike: 40.00, expiry: "2016-01-15 16:00"}}
Position: {symbol:GPRO  160115C00050000, qty: -10, price: 2.41, optionConfig: {optionRoot: GPRO, optionType: C, strike: 50.00, expiry: "2016-01-15 16:00"}}
Position: {symbol:GPRO  160115P00060000, qty: -10, price: 0.75, optionConfig: {optionRoot: GPRO, optionType: C, strike: 60.00, expiry: "2016-01-15 16:00"}}

AccountID 'account4_1' total initial margin=28730.0000 total maintenance margin=28730.0000, strategies:
Option root 'GPRO'
Strategy: {strategyName: CallUnpairedShort, quantity: 10, maintenanceMargin: 15770.0000, marginDebug: {"((4600.00 * 0.2 + 0) * 10) + 6570.0000, ((4600.00 + 0) * 10 * 0.1) + 6570.0000"}, initialMargin: 15770.0000, pureNakedMargin: 15770.0000, legs: [optionLeg: {symbol: "GPRO  160115C00040000", qty: -10, price: 6.57, optionConfig: {optionRoot: GPRO, optionType: C, strike: 40.00, expiry: "2016-01-15 16:00"}}]}
Strategy: {strategyName: CallUnpairedShort, quantity: 10, maintenanceMargin: 7610.0000, marginDebug: {"((4600.00 * 0.2 + -400.0000) * 10) + 2410.0000, ((4600.00 + 0) * 10 * 0.1) + 2410.0000"}, initialMargin: 7610.0000, pureNakedMargin: 7610.0000, legs: [optionLeg: {symbol: "GPRO  160115C00050000", qty: -10, price: 2.41, optionConfig: {optionRoot: GPRO, optionType: C, strike: 50.00, expiry: "2016-01-15 16:00"}}]}
Strategy: {strategyName: CallUnpairedShort, quantity: 10, maintenanceMargin: 5350.0000, marginDebug: {"((4600.00 * 0.2 + -1400.000) * 10) + 750.0000, ((4600.00 + 0) * 10 * 0.1) + 750.0000"}, initialMargin: 5350.0000, pureNakedMargin: 5350.0000, legs: [optionLeg: {symbol: "GPRO  160115P00060000", qty: -10, price: 0.75, optionConfig: {optionRoot: GPRO, optionType: C, strike: 60.00, expiry: "2016-01-15 16:00"}}]}
all strategy groups by root:
{GPRO=coreList1}
AccountID 'account4' total initial margin=42220.00000 total maintenance margin=42220.00000, strategies:
Option root 'GPRO'
Strategy: {strategyName: PutUnpairedShort, quantity: 10, maintenanceMargin: 23760.0000, marginDebug: {"((4600.00 * 0.2 + 0) * 10) + 14560.0000, (((60.00 * 100.00) - 0) * 10 * 0.1) + 14560.0000"}, initialMargin: 23760.0000, pureNakedMargin: 23760.0000, legs: [optionLeg: {symbol: "GPRO  160115P00060000", qty: -10, price: 14.56, optionConfig: {optionRoot: GPRO, optionType: P, strike: 60.00, expiry: "2016-01-15 16:00"}}]}
Strategy: {strategyName: PutUnpairedShort, quantity: 10, maintenanceMargin: 13430.0000, marginDebug: {"((4600.00 * 0.2 + 0) * 10) + 4230.0000, (((50.00 * 100.00) - 0) * 10 * 0.1) + 4230.0000"}, initialMargin: 13430.0000, pureNakedMargin: 13430.0000, legs: [optionLeg: {symbol: "GPRO  160115P00050000", qty: -10, price: 4.23, optionConfig: {optionRoot: GPRO, optionType: P, strike: 50.00, expiry: "2016-01-15 16:00"}}]}
Strategy: {strategyName: PutUnpairedShort, quantity: 10, maintenanceMargin: 5030.00000, marginDebug: {"((4600.00 * 0.2 + -600.0000) * 10) + 1030.0000, (((40.00 * 100.00) - 0) * 10 * 0.1) + 1030.0000"}, initialMargin: 5030.00000, pureNakedMargin: 5030.00000, legs: [optionLeg: {symbol: "GPRO  160115P00040000", qty: -10, price: 1.03, optionConfig: {optionRoot: GPRO, optionType: P, strike: 40.00, expiry: "2016-01-15 16:00"}}]}
all strategy groups by root:
{GPRO=coreList1}

Input for PairingRequest
OptionRoot: {optionRootSymbol:GPRO, exerciseStyle:A, underlyerType:S, deliverables:[Deliverable: {symbol:GPRO, qty:100, price:46.00, maintenancePct:0.25, deliverableType:S}]}
Account: account5
Positions:
Position: {symbol:GPRO  160115P00040000, qty: -10, price: 1.03, optionConfig: {optionRoot: GPRO, optionType: P, strike: 40.00, expiry: "2016-01-15 16:00"}}
Position: {symbol:GPRO  160115P00050000, qty: 10, price: 4.23, optionConfig: {optionRoot: GPRO, optionType: P, strike: 50.00, expiry: "2016-01-15 16:00"}}
Position: {symbol:GPRO  160115C00040000, qty: -5, price: 6.57, optionConfig: {optionRoot: GPRO, optionType: C, strike: 40.00, expiry: "2016-01-15 16:00"}}
Position: {symbol:GPRO  160115C00050000, qty: -7, price: 2.41, optionConfig: {optionRoot: GPRO, optionType: C, strike: 50.00, expiry: "2016-01-15 16:00"}}
Position: {symbol:GPRO, qty: 960, price: 46.00}
Position: {symbol:GPRO  160115C00060000, qty: 8, price: 2.41, optionConfig: {optionRoot: GPRO, optionType: C, strike: 60.00, expiry: "2016-01-15 16:00"}}
Account: account5_1
Positions:
Position: {symbol:GPRO  160115P00040000, qty: -4, price: 1.03, optionConfig: {optionRoot: GPRO, optionType: P, strike: 40.00, expiry: "2016-01-15 16:00"}}
Position: {symbol:GPRO, qty: -960, price: 46.00}
Position: {symbol:GPRO  160115P00045000, qty: -6, price: 1.03, optionConfig: {optionRoot: GPRO, optionType: P, strike: 45.00, expiry: "2016-01-15 16:00"}}
Position: {symbol:GPRO  160115P00038000, qty: 3, price: 1.03, optionConfig: {optionRoot: GPRO, optionType: P, strike: 38.00, expiry: "2016-01-15 16:00"}}
Position: {symbol:GPRO  160115C00040000, qty: 6, price: 6.57, optionConfig: {optionRoot: GPRO, optionType: C, strike: 40.00, expiry: "2016-01-15 16:00"}}
Position: {symbol:GPRO  160115C00050000, qty: -10, price: 2.41, optionConfig: {optionRoot: GPRO, optionType: C, strike: 50.00, expiry: "2016-01-15 16:00"}}
Position: {symbol:GPRO  160115C00060000, qty: 8, price: 2.41, optionConfig: {optionRoot: GPRO, optionType: C, strike: 60.00, expiry: "2016-01-15 16:00"}}

AccountID 'account5' total initial margin=4533.00000000 total maintenance margin=4533.00000000, strategies:
Option root 'GPRO'
Strategy: {strategyName: CoveredCall, quantity: 5, maintenanceMargin: 2250.00000000, initialMargin: 2250.00000000, pureNakedMargin: 7885.0000, legs: [optionLeg: {symbol: "GPRO  160115C00040000", qty: -5, price: 6.57, optionConfig: {optionRoot: GPRO, optionType: C, strike: 40.00, expiry: "2016-01-15 16:00"}}, DeliverableLeg: {qty: 5, price: 4600.00, multiLegs:[stockLeg: {symbol: "GPRO", qty: 500, price: 46.00}]}]}
Strategy: {strategyName: CoveredCall, quantity: 4, maintenanceMargin: 0, initialMargin: 0, pureNakedMargin: 3044.0000, legs: [optionLeg: {symbol: "GPRO  160115C00050000", qty: -4, price: 2.41, optionConfig: {optionRoot: GPRO, optionType: C, strike: 50.00, expiry: "2016-01-15 16:00"}}, DeliverableLeg: {qty: 4, price: 4600.00, multiLegs:[stockLeg: {symbol: "GPRO", qty: 400, price: 46.00}]}]}
Strategy: {strategyName: PutVerticalLong, quantity: 10, maintenanceMargin: 0, initialMargin: 0, pureNakedMargin: 5030.00000, legs: [optionLeg: {symbol: "GPRO  160115P00040000", qty: -10, price: 1.03, optionConfig: {optionRoot: GPRO, optionType: P, strike: 40.00, expiry: "2016-01-15 16:00"}}, optionLeg: {symbol: "GPRO  160115P00050000", qty: 10, price: 4.23, optionConfig: {optionRoot: GPRO, optionType: P, strike: 50.00, expiry: "2016-01-15 16:00"}}]}
Strategy: {strategyName: CallUnpairedShort, quantity: 3, maintenanceMargin: 2283.0000, marginDebug: {"((4600.00 * 0.2 + -400.0000) * 3) + 723.0000, ((4600.00 + 0) * 3 * 0.1) + 723.0000"}, initialMargin: 2283.0000, pureNakedMargin: 2283.0000, legs: [optionLeg: {symbol: "GPRO  160115C00050000", qty: -3, price: 2.41, optionConfig: {optionRoot: GPRO, optionType: C, strike: 50.00, expiry: "2016-01-15 16:00"}}]}
Strategy: {strategyName: CallUnpairedLong, quantity: 8, maintenanceMargin: 0, initialMargin: 0, pureNakedMargin: 0, legs: [optionLeg: {symbol: "GPRO  160115C00060000", qty: 8, price: 2.41, optionConfig: {optionRoot: GPRO, optionType: C, strike: 60.00, expiry: "2016-01-15 16:00"}}]}
Strategy: {strategyName: StockUnpairedLong, quantity: 60, maintenanceMargin: 0, initialMargin: 0, pureNakedMargin: 0, legs: [stockLeg: {symbol: "GPRO", qty: 60, price: 46.00}]}
all strategy groups by root:
{GPRO=coreList1}
AccountID 'account5_1' total initial margin=200.0000 total maintenance margin=200.0000, strategies:
Option root 'GPRO'
Strategy: {strategyName: CallButterflyLong, quantity: 5, maintenanceMargin: 0, initialMargin: 0, pureNakedMargin: 5010.0000, legs: [optionLeg: {symbol: "GPRO  160115C00040000", qty: 5, price: 6.57, optionConfig: {optionRoot: GPRO, optionType: C, strike: 40.00, expiry: "2016-01-15 16:00"}}, optionLeg: {symbol: "GPRO  160115C00050000", qty: -10, price: 2.41, optionConfig: {optionRoot: GPRO, optionType: C, strike: 50.00, expiry: "2016-01-15 16:00"}}, optionLeg: {symbol: "GPRO  160115C00060000", qty: 5, price: 2.41, optionConfig: {optionRoot: GPRO, optionType: C, strike: 60.00, expiry: "2016-01-15 16:00"}}]}
Strategy: {strategyName: CoveredPut, quantity: 6, maintenanceMargin: 0, initialMargin: 0, pureNakedMargin: 5538.0000, legs: [optionLeg: {symbol: "GPRO  160115P00045000", qty: -6, price: 1.03, optionConfig: {optionRoot: GPRO, optionType: P, strike: 45.00, expiry: "2016-01-15 16:00"}}, DeliverableLeg: {qty: -6, price: 4600.00, multiLegs:[stockLeg: {symbol: "GPRO", qty: -600, price: 46.00}]}]}
Strategy: {strategyName: CoveredPut, quantity: 3, maintenanceMargin: 0, initialMargin: 0, pureNakedMargin: 1509.00000, legs: [optionLeg: {symbol: "GPRO  160115P00040000", qty: -3, price: 1.03, optionConfig: {optionRoot: GPRO, optionType: P, strike: 40.00, expiry: "2016-01-15 16:00"}}, DeliverableLeg: {qty: -3, price: 4600.00, multiLegs:[stockLeg: {symbol: "GPRO", qty: -300, price: 46.00}]}]}
Strategy: {strategyName: PutVerticalShort, quantity: 1, maintenanceMargin: 200.0000, initialMargin: 200.0000, pureNakedMargin: 503.00000, legs: [optionLeg: {symbol: "GPRO  160115P00038000", qty: 1, price: 1.03, optionConfig: {optionRoot: GPRO, optionType: P, strike: 38.00, expiry: "2016-01-15 16:00"}}, optionLeg: {symbol: "GPRO  160115P00040000", qty: -1, price: 1.03, optionConfig: {optionRoot: GPRO, optionType: P, strike: 40.00, expiry: "2016-01-15 16:00"}}]}
Strategy: {strategyName: CallUnpairedLong, quantity: 1, maintenanceMargin: 0, initialMargin: 0, pureNakedMargin: 0, legs: [optionLeg: {symbol: "GPRO  160115C00040000", qty: 1, price: 6.57, optionConfig: {optionRoot: GPRO, optionType: C, strike: 40.00, expiry: "2016-01-15 16:00"}}]}
Strategy: {strategyName: CallUnpairedLong, quantity: 3, maintenanceMargin: 0, initialMargin: 0, pureNakedMargin: 0, legs: [optionLeg: {symbol: "GPRO  160115C00060000", qty: 3, price: 2.41, optionConfig: {optionRoot: GPRO, optionType: C, strike: 60.00, expiry: "2016-01-15 16:00"}}]}
Strategy: {strategyName: PutUnpairedLong, quantity: 2, maintenanceMargin: 0, initialMargin: 0, pureNakedMargin: 0, legs: [optionLeg: {symbol: "GPRO  160115P00038000", qty: 2, price: 1.03, optionConfig: {optionRoot: GPRO, optionType: P, strike: 38.00, expiry: "2016-01-15 16:00"}}]}
Strategy: {strategyName: StockUnpairedShort, quantity: 60, maintenanceMargin: 0, initialMargin: 0, pureNakedMargin: 0, legs: [stockLeg: {symbol: "GPRO", qty: -60, price: 46.00}]}
all strategy groups by root:
{GPRO=coreList1}

Input for PairingRequest
OptionRoot: {optionRootSymbol:GPRO, exerciseStyle:A, underlyerType:S, deliverables:[Deliverable: {symbol:GPRO, qty:100, price:46.00, maintenancePct:0.25, deliverableType:S}]}
Account: account6
Positions:
Position: {symbol:GPRO  160115P00040000, qty: 10, price: 1.03, optionConfig: {optionRoot: GPRO, optionType: P, strike: 40.00, expiry: "2016-01-15 16:00"}}
Position: {symbol:GPRO  160115P00050000, qty: -10, price: 4.23, optionConfig: {optionRoot: GPRO, optionType: P, strike: 50.00, expiry: "2016-01-15 16:00"}}
Position: {symbol:GPRO  160115C00060000, qty: -8, price: 2.41, optionConfig: {optionRoot: GPRO, optionType: C, strike: 60.00, expiry: "2016-01-15 16:00"}}
Position: {symbol:GPRO  160115C00070000, qty: 8, price: 2.41, optionConfig: {optionRoot: GPRO, optionType: C, strike: 70.00, expiry: "2016-01-15 16:00"}}
Account: account6_1
Positions:
Position: {symbol:GPRO  160115P00040000, qty: -10, price: 1.03, optionConfig: {optionRoot: GPRO, optionType: P, strike: 40.00, expiry: "2016-01-15 16:00"}}
Position: {symbol:GPRO  160115P00050000, qty: 10, price: 4.23, optionConfig: {optionRoot: GPRO, optionType: P, strike: 50.00, expiry: "2016-01-15 16:00"}}
Position: {symbol:GPRO  160115C00060000, qty: 8, price: 2.41, optionConfig: {optionRoot: GPRO, optionType: C, strike: 60.00, expiry: "2016-01-15 16:00"}}
Position: {symbol:GPRO  160115C00070000, qty: -8, price: 2.41, optionConfig: {optionRoot: GPRO, optionType: C, strike: 70.00, expiry: "2016-01-15 16:00"}}

AccountID 'account6' total initial margin=10000.0000 total maintenance margin=10000.0000, strategies:
Option root 'GPRO'
Strategy: {strategyName: IronCondorShort, quantity: 8, maintenanceMargin: 8000.0000, initialMargin: 8000.0000, pureNakedMargin: 16352.0000, legs: [optionLeg: {symbol: "GPRO  160115P00040000", qty: 8, price: 1.03, optionConfig: {optionRoot: GPRO, optionType: P, strike: 40.00, expiry: "2016-01-15 16:00"}}, optionLeg: {symbol: "GPRO  160115P00050000", qty: -8, price: 4.23, optionConfig: {optionRoot: GPRO, optionType: P, strike: 50.00, expiry: "2016-01-15 16:00"}}, optionLeg: {symbol: "GPRO  160115C00060000", qty: -8, price: 2.41, optionConfig: {optionRoot: GPRO, optionType: C, strike: 60.00, expiry: "2016-01-15 16:00"}}, optionLeg: {symbol: "GPRO  160115C00070000", qty: 8, price: 2.41, optionConfig: {optionRoot: GPRO, optionType: C, strike: 70.00, expiry: "2016-01-15 16:00"}}]}
Strategy: {strategyName: PutVerticalShort, quantity: 2, maintenanceMargin: 2000.0000, initialMargin: 2000.0000, pureNakedMargin: 2686.0000, legs: [optionLeg: {symbol: "GPRO  160115P00040000", qty: 2, price: 1.03, optionConfig: {optionRoot: GPRO, optionType: P, strike: 40.00, expiry: "2016-01-15 16:00"}}, optionLeg: {symbol: "GPRO  160115P00050000", qty: -2, price: 4.23, optionConfig: {optionRoot: GPRO, optionType: P, strike: 50.00, expiry: "2016-01-15 16:00"}}]}
all strategy groups by root:
{GPRO=coreList1}
AccountID 'account6_1' total initial margin=0 total maintenance margin=0, strategies:
Option root 'GPRO'
Strategy: {strategyName: IronCondorLong, quantity: 8, maintenanceMargin: 0, initialMargin: 0, pureNakedMargin: 9632.00000, legs: [optionLeg: {symbol: "GPRO  160115P00040000", qty: -8, price: 1.03, optionConfig: {optionRoot: GPRO, optionType: P, strike: 40.00, expiry: "2016-01-15 16:00"}}, optionLeg: {symbol: "GPRO  160115P00050000", qty: 8, price: 4.23, optionConfig: {optionRoot: GPRO, optionType: P, strike: 50.00, expiry: "2016-01-15 16:00"}}, optionLeg: {symbol: "GPRO  160115C00060000", qty: 8, price: 2.41, optionConfig: {optionRoot: GPRO, optionType: C, strike: 60.00, expiry: "2016-01-15 16:00"}}, optionLeg: {symbol: "GPRO  160115C00070000", qty: -8, price: 2.41, optionConfig: {optionRoot: GPRO, optionType: C, strike: 70.00, expiry: "2016-01-15 16:00"}}]}
Strategy: {strategyName: PutVerticalLong, quantity: 2, maintenanceMargin: 0, initialMargin: 0, pureNakedMargin: 1006.00000, legs: [optionLeg: {symbol: "GPRO  160115P00040000", qty: -2, price: 1.03, optionConfig: {optionRoot: GPRO, optionType: P, strike: 40.00, expiry: "2016-01-15 16:00"}}, optionLeg: {symbol: "GPRO  160115P00050000", qty: 2, price: 4.23, optionConfig: {optionRoot: GPRO, optionType: P, strike: 50.00, expiry: "2016-01-15 16:00"}}]}
all strategy groups by root:
{GPRO=coreList1}

Input for PairingRequest
OptionRoot: {optionRootSymbol:GPRO, exerciseStyle:A, underlyerType:S, deliverables:[Deliverable: {symbol:GPRO, qty:100, price:46.00, maintenancePct:0.25, deliverableType:S}]}
Account: account7
Positions:
Position: {symbol:GPRO  160115P00040000, qty: 10, price: 1.03, optionConfig: {optionRoot: GPRO, optionType: P, strike: 40.00, expiry: "2016-02-19 16:00"}}
Position: {symbol:GPRO  160115P00050000, qty: -10, price: 4.23, optionConfig: {optionRoot: GPRO, optionType: P, strike: 50.00, expiry: "2016-01-15 16:00"}}
Position: {symbol:GPRO  160115C00060000, qty: -8, price: 2.41, optionConfig: {optionRoot: GPRO, optionType: C, strike: 60.00, expiry: "2016-01-15 16:00"}}
Position: {symbol:GPRO  160115C00070000, qty: 8, price: 2.41, optionConfig: {optionRoot: GPRO, optionType: C, strike: 70.00, expiry: "2016-02-19 16:00"}}
Account: account7_1
Positions:
Position: {symbol:GPRO  160115P00040000, qty: -10, price: 1.03, optionConfig: {optionRoot: GPRO, optionType: P, strike: 40.00, expiry: "2016-01-15 16:00"}}
Position: {symbol:GPRO  160115P00050000, qty: 10, price: 4.23, optionConfig: {optionRoot: GPRO, optionType: P, strike: 50.00, expiry: "2016-02-19 16:00"}}
Position: {symbol:GPRO  160115C00060000, qty: 8, price: 2.41, optionConfig: {optionRoot: GPRO, optionType: C, strike: 60.00, expiry: "2016-02-19 16:00"}}
Position: {symbol:GPRO  160115C00070000, qty: -8, price: 2.41, optionConfig: {optionRoot: GPRO, optionType: C, strike: 70.00, expiry: "2016-01-15 16:00"}}

AccountID 'account7_1' total initial margin=0 total maintenance margin=0, strategies:
Option root 'GPRO'
Strategy: {strategyName: IronCondorCalendarLong, quantity: 8, maintenanceMargin: 0, initialMargin: 0, pureNakedMargin: 9632.00000, legs: [optionLeg: {symbol: "GPRO  160115P00040000", qty: -8, price: 1.03, optionConfig: {optionRoot: GPRO, optionType: P, strike: 40.00, expiry: "2016-01-15 16:00"}}, optionLeg: {symbol: "GPRO  160115P00050000", qty: 8, price: 4.23, optionConfig: {optionRoot: GPRO, optionType: P, strike: 50.00, expiry: "2016-02-19 16:00"}}, optionLeg: {symbol: "GPRO  160115C00060000", qty: 8, price: 2.41, optionConfig: {optionRoot: GPRO, optionType: C, strike: 60.00, expiry: "2016-02-19 16:00"}}, optionLeg: {symbol: "GPRO  160115C00070000", qty: -8, price: 2.41, optionConfig: {optionRoot: GPRO, optionType: C, strike: 70.00, expiry: "2016-01-15 16:00"}}]}
Strategy: {strategyName: PutVerticalCalendarLong, quantity: 2, maintenanceMargin: 0, initialMargin: 0, pureNakedMargin: 1006.00000, legs: [optionLeg: {symbol: "GPRO  160115P00040000", qty: -2, price: 1.03, optionConfig: {optionRoot: GPRO, optionType: P, strike: 40.00, expiry: "2016-01-15 16:00"}}, optionLeg: {symbol: "GPRO  160115P00050000", qty: 2, price: 4.23, optionConfig: {optionRoot: GPRO, optionType: P, strike: 50.00, expiry: "2016-02-19 16:00"}}]}
all strategy groups by root:
{GPRO=coreList1}
AccountID 'account7' total initial margin=10000.0000 total maintenance margin=10000.0000, strategies:
Option root 'GPRO'
Strategy: {strategyName: IronCondorCalendarShort, quantity: 8, maintenanceMargin: 8000.0000, initialMargin: 8000.0000, pureNakedMargin: 16352.0000, legs: [optionLeg: {symbol: "GPRO  160115P00040000", qty: 8, price: 1.03, optionConfig: {optionRoot: GPRO, optionType: P, strike: 40.00, expiry: "2016-02-19 16:00"}}, optionLeg: {symbol: "GPRO  160115P00050000", qty: -8, price: 4.23, optionConfig: {optionRoot: GPRO, optionType: P, strike: 50.00, expiry: "2016-01-15 16:00"}}, optionLeg: {symbol: "GPRO  160115C00060000", qty: -8, price: 2.41, optionConfig: {optionRoot: GPRO, optionType: C, strike: 60.00, expiry: "2016-01-15 16:00"}}, optionLeg: {symbol: "GPRO  160115C00070000", qty: 8, price: 2.41, optionConfig: {optionRoot: GPRO, optionType: C, strike: 70.00, expiry: "2016-02-19 16:00"}}]}
Strategy: {strategyName: PutVerticalCalendarShort, quantity: 2, maintenanceMargin: 2000.0000, initialMargin: 2000.0000, pureNakedMargin: 2686.0000, legs: [optionLeg: {symbol: "GPRO  160115P00040000", qty: 2, price: 1.03, optionConfig: {optionRoot: GPRO, optionType: P, strike: 40.00, expiry: "2016-02-19 16:00"}}, optionLeg: {symbol: "GPRO  160115P00050000", qty: -2, price: 4.23, optionConfig: {optionRoot: GPRO, optionType: P, strike: 50.00, expiry: "2016-01-15 16:00"}}]}
all strategy groups by root:
{GPRO=coreList1}

Input for PairingRequest
OptionRoot: {optionRootSymbol:GPRO, exerciseStyle:A, underlyerType:S, deliverables:[Deliverable: {symbol:GPRO, qty:100, price:46.00, maintenancePct:0.25, deliverableType:S}]}
Account: account8
Positions:
Position: {symbol:GPRO  160115P00040000, qty: 10, price: 1.03, optionConfig: {optionRoot: GPRO, optionType: P, strike: 40.00, expiry: "2016-02-19 16:00"}}
Position: {symbol:GPRO  160115P00050000, qty: -10, price: 4.23, optionConfig: {optionRoot: GPRO, optionType: P, strike: 50.00, expiry: "2016-02-19 16:00"}}
Position: {symbol:GPRO  160115P00060000, qty: -8, price: 2.41, optionConfig: {optionRoot: GPRO, optionType: P, strike: 60.00, expiry: "2016-02-19 16:00"}}
Position: {symbol:GPRO  160115P00075000, qty: 8, price: 2.41, optionConfig: {optionRoot: GPRO, optionType: P, strike: 75.00, expiry: "2016-02-19 16:00"}}
Account: account8_1
Positions:
Position: {symbol:GPRO  160115C00035000, qty: 8, price: 1.03, optionConfig: {optionRoot: GPRO, optionType: C, strike: 35.00, expiry: "2016-02-19 16:00"}}
Position: {symbol:GPRO  160115C00050000, qty: -8, price: 4.23, optionConfig: {optionRoot: GPRO, optionType: C, strike: 50.00, expiry: "2016-02-19 16:00"}}
Position: {symbol:GPRO  160115C00060000, qty: -11, price: 2.41, optionConfig: {optionRoot: GPRO, optionType: C, strike: 60.00, expiry: "2016-02-19 16:00"}}
Position: {symbol:GPRO  160115C00070000, qty: 12, price: 2.41, optionConfig: {optionRoot: GPRO, optionType: C, strike: 70.00, expiry: "2016-02-19 16:00"}}
Account: account8_2
Positions:
Position: {symbol:GPRO  160115C00035000, qty: 8, price: 1.03, optionConfig: {optionRoot: GPRO, optionType: C, strike: 35.00, expiry: "2016-02-19 16:00"}}
Position: {symbol:GPRO  160115C00050000, qty: -8, price: 4.23, optionConfig: {optionRoot: GPRO, optionType: C, strike: 50.00, expiry: "2016-02-19 16:00"}}
Position: {symbol:GPRO  160115C00060000, qty: 11, price: 2.41, optionConfig: {optionRoot: GPRO, optionType: C, strike: 60.00, expiry: "2016-02-19 16:00"}}
Account: account8_3
Positions:
Position: {symbol:GPRO  160115P00040000, qty: 10, price: 1.03, optionConfig: {optionRoot: GPRO, optionType: P, strike: 40.00, expiry: "2016-02-19 16:00"}}
Position: {symbol:GPRO  160115P00050000, qty: -10, price: 4.23, optionConfig: {optionRoot: GPRO, optionType: P, strike: 50.00, expiry: "2016-02-19 16:00"}}
Position: {symbol:GPRO  160115P00075000, qty: 8, price: 2.41, optionConfig: {optionRoot: GPRO, optionType: P, strike: 75.00, expiry: "2016-02-19 16:00"}}

AccountID 'account8_1' total initial margin=2103.0000 total maintenance margin=2103.0000, strategies:
Option root 'GPRO'
Strategy: {strategyName: CallBrokenCondorLong, quantity: 8, maintenanceMargin: 0, initialMargin: 0, pureNakedMargin: 13152.0000, legs: [optionLeg: {symbol: "GPRO  160115C00035000", qty: 8, price: 1.03, optionConfig: {optionRoot: GPRO, optionType: C, strike: 35.00, expiry: "2016-02-19 16:00"}}, optionLeg: {symbol: "GPRO  160115C00050000", qty: -8, price: 4.23, optionConfig: {optionRoot: GPRO, optionType: C, strike: 50.00, expiry: "2016-02-19 16:00"}}, optionLeg: {symbol: "GPRO  160115C00060000", qty: -8, price: 2.41, optionConfig: {optionRoot: GPRO, optionType: C, strike: 60.00, expiry: "2016-02-19 16:00"}}, optionLeg: {symbol: "GPRO  160115C00070000", qty: 8, price: 2.41, optionConfig: {optionRoot: GPRO, optionType: C, strike: 70.00, expiry: "2016-02-19 16:00"}}]}
Strategy: {strategyName: CallUnpairedShort, quantity: 3, maintenanceMargin: 2103.0000, marginDebug: {"((4600.00 * 0.2 + -1400.000) * 3) + 723.0000, ((4600.00 + 0) * 3 * 0.1) + 723.0000"}, initialMargin: 2103.0000, pureNakedMargin: 2103.0000, legs: [optionLeg: {symbol: "GPRO  160115C00060000", qty: -3, price: 2.41, optionConfig: {optionRoot: GPRO, optionType: C, strike: 60.00, expiry: "2016-02-19 16:00"}}]}
Strategy: {strategyName: CallUnpairedLong, quantity: 4, maintenanceMargin: 0, initialMargin: 0, pureNakedMargin: 0, legs: [optionLeg: {symbol: "GPRO  160115C00070000", qty: 4, price: 2.41, optionConfig: {optionRoot: GPRO, optionType: C, strike: 70.00, expiry: "2016-02-19 16:00"}}]}
all strategy groups by root:
{GPRO=coreList1}
AccountID 'account8_3' total initial margin=0 total maintenance margin=0, strategies:
Option root 'GPRO'
Strategy: {strategyName: PutBrokenButterflyLong, quantity: 5, maintenanceMargin: 0, initialMargin: 0, pureNakedMargin: 8830.0000, legs: [optionLeg: {symbol: "GPRO  160115P00040000", qty: 5, price: 1.03, optionConfig: {optionRoot: GPRO, optionType: P, strike: 40.00, expiry: "2016-02-19 16:00"}}, optionLeg: {symbol: "GPRO  160115P00050000", qty: -10, price: 4.23, optionConfig: {optionRoot: GPRO, optionType: P, strike: 50.00, expiry: "2016-02-19 16:00"}}, optionLeg: {symbol: "GPRO  160115P00075000", qty: 5, price: 2.41, optionConfig: {optionRoot: GPRO, optionType: P, strike: 75.00, expiry: "2016-02-19 16:00"}}]}
Strategy: {strategyName: PutUnpairedLong, quantity: 3, maintenanceMargin: 0, initialMargin: 0, pureNakedMargin: 0, legs: [optionLeg: {symbol: "GPRO  160115P00075000", qty: 3, price: 2.41, optionConfig: {optionRoot: GPRO, optionType: P, strike: 75.00, expiry: "2016-02-19 16:00"}}]}
Strategy: {strategyName: PutUnpairedLong, quantity: 5, maintenanceMargin: 0, initialMargin: 0, pureNakedMargin: 0, legs: [optionLeg: {symbol: "GPRO  160115P00040000", qty: 5, price: 1.03, optionConfig: {optionRoot: GPRO, optionType: P, strike: 40.00, expiry: "2016-02-19 16:00"}}]}
all strategy groups by root:
{GPRO=coreList1}
AccountID 'account8_2' total initial margin=0 total maintenance margin=0, strategies:
Option root 'GPRO'
Strategy: {strategyName: CallBrokenButterflyLong, quantity: 4, maintenanceMargin: 0, initialMargin: 0, pureNakedMargin: 5464.0000, legs: [optionLeg: {symbol: "GPRO  160115C00035000", qty: 4, price: 1.03, optionConfig: {optionRoot: GPRO, optionType: C, strike: 35.00, expiry: "2016-02-19 16:00"}}, optionLeg: {symbol: "GPRO  160115C00050000", qty: -8, price: 4.23, optionConfig: {optionRoot: GPRO, optionType: C, strike: 50.00, expiry: "2016-02-19 16:00"}}, optionLeg: {symbol: "GPRO  160115C00060000", qty: 4, price: 2.41, optionConfig: {optionRoot: GPRO, optionType: C, strike: 60.00, expiry: "2016-02-19 16:00"}}]}
Strategy: {strategyName: CallUnpairedLong, quantity: 4, maintenanceMargin: 0, initialMargin: 0, pureNakedMargin: 0, legs: [optionLeg: {symbol: "GPRO  160115C00035000", qty: 4, price: 1.03, optionConfig: {optionRoot: GPRO, optionType: C, strike: 35.00, expiry: "2016-02-19 16:00"}}]}
Strategy: {strategyName: CallUnpairedLong, quantity: 7, maintenanceMargin: 0, initialMargin: 0, pureNakedMargin: 0, legs: [optionLeg: {symbol: "GPRO  160115C00060000", qty: 7, price: 2.41, optionConfig: {optionRoot: GPRO, optionType: C, strike: 60.00, expiry: "2016-02-19 16:00"}}]}
all strategy groups by root:
{GPRO=coreList1}
AccountID 'account8' total initial margin=2000.0000 total maintenance margin=2000.0000, strategies:
Option root 'GPRO'
Strategy: {strategyName: PutBrokenCondorLong, quantity: 8, maintenanceMargin: 0, initialMargin: 0, pureNakedMargin: 20032.0000, legs: [optionLeg: {symbol: "GPRO  160115P00040000", qty: 8, price: 1.03, optionConfig: {optionRoot: GPRO, optionType: P, strike: 40.00, expiry: "2016-02-19 16:00"}}, optionLeg: {symbol: "GPRO  160115P00050000", qty: -8, price: 4.23, optionConfig: {optionRoot: GPRO, optionType: P, strike: 50.00, expiry: "2016-02-19 16:00"}}, optionLeg: {symbol: "GPRO  160115P00060000", qty: -8, price: 2.41, optionConfig: {optionRoot: GPRO, optionType: P, strike: 60.00, expiry: "2016-02-19 16:00"}}, optionLeg: {symbol: "GPRO  160115P00075000", qty: 8, price: 2.41, optionConfig: {optionRoot: GPRO, optionType: P, strike: 75.00, expiry: "2016-02-19 16:00"}}]}
Strategy: {strategyName: PutVerticalShort, quantity: 2, maintenanceMargin: 2000.0000, initialMargin: 2000.0000, pureNakedMargin: 2686.0000, legs: [optionLeg: {symbol: "GPRO  160115P00040000", qty: 2, price: 1.03, optionConfig: {optionRoot: GPRO, optionType: P, strike: 40.00, expiry: "2016-02-19 16:00"}}, optionLeg: {symbol: "GPRO  160115P00050000", qty: -2, price: 4.23, optionConfig: {optionRoot: GPRO, optionType: P, strike: 50.00, expiry: "2016-02-19 16:00"}}]}
all strategy groups by root:
{GPRO=coreList1}

Input for PairingRequest
OptionRoot: {optionRootSymbol:NKE1, exerciseStyle:A, underlyerType:S, deliverables:[Deliverable: {symbol:NKE, qty:100, price:65.20, maintenancePct:0.25, deliverableType:S}, Deliverable: {symbol:LULU, qty:45, price:40.93, maintenancePct:0.25, deliverableType:S}]}
Account: Nike account 1
Positions:
Position: {symbol:NKE1  160115C00055000, qty: 7, price: 74.09, optionConfig: {optionRoot: NKE1, optionType: C, strike: 55.00, expiry: "2016-01-15 16:00"}}
Position: {symbol:NKE1  160115C00060000, qty: -8, price: 60.22, optionConfig: {optionRoot: NKE1, optionType: C, strike: 60.00, expiry: "2016-01-15 16:00"}}
Position: {symbol:NKE, qty: 430, price: 65.20}
Position: {symbol:LULU, qty: 205, price: 40.93}

AccountID 'Nike account 1' total initial margin=1771.3875000 total maintenance margin=1771.3875000, strategies:
Option root 'NKE1'
Strategy: {strategyName: CallVerticalLongNoStock, quantity: 7, maintenanceMargin: 0, initialMargin: 0, pureNakedMargin: 53860.5900, legs: [optionLeg: {symbol: "NKE1  160115C00055000", qty: 7, price: 74.09, optionConfig: {optionRoot: NKE1, optionType: C, strike: 55.00, expiry: "2016-01-15 16:00"}}, optionLeg: {symbol: "NKE1  160115C00060000", qty: -7, price: 60.22, optionConfig: {optionRoot: NKE1, optionType: C, strike: 60.00, expiry: "2016-01-15 16:00"}}]}
Strategy: {strategyName: CoveredCall, quantity: 1, maintenanceMargin: 1771.3875000, initialMargin: 1771.3875000, pureNakedMargin: 7694.3700, legs: [optionLeg: {symbol: "NKE1  160115C00060000", qty: -1, price: 60.22, optionConfig: {optionRoot: NKE1, optionType: C, strike: 60.00, expiry: "2016-01-15 16:00"}}, DeliverableLeg: {qty: 1, price: 8361.85, multiLegs:[stockLeg: {symbol: "LULU", qty: 45, price: 40.93}, stockLeg: {symbol: "NKE", qty: 100, price: 65.20}]}]}
Strategy: {strategyName: StockUnpairedLong, quantity: 330, maintenanceMargin: 0, initialMargin: 0, pureNakedMargin: 0, legs: [stockLeg: {symbol: "NKE", qty: 330, price: 65.20}]}
Strategy: {strategyName: StockUnpairedLong, quantity: 160, maintenanceMargin: 0, initialMargin: 0, pureNakedMargin: 0, legs: [stockLeg: {symbol: "LULU", qty: 160, price: 40.93}]}
all strategy groups by root:
{NKE1=coreList1}

Input for PairingRequest
OptionRoot: {optionRootSymbol:MSFT, exerciseStyle:A, underlyerType:S, deliverables:[Deliverable: {symbol:MSFT, qty:100, price:60.40, maintenancePct:0.25, deliverableType:S}]}OptionRoot: {optionRootSymbol:CSCO, exerciseStyle:A, underlyerType:S, deliverables:[Deliverable: {symbol:CSCO, qty:100, price:84.30, maintenancePct:0.25, deliverableType:S}]}OptionRoot: {optionRootSymbol:BP, exerciseStyle:A, underlyerType:S, deliverables:[Deliverable: {symbol:BP, qty:100, price:134.03, maintenancePct:0.25, deliverableType:S}]}
Account: account1
Positions:
Position: {symbol:MSFT  160115C00047500, qty: 6, price: 13.06, optionConfig: {optionRoot: MSFT, optionType: C, strike: 47.50, expiry: "2016-01-15 16:00"}}
Position: {symbol:MSFT  160115C00050000, qty: -8, price: 10.40, optionConfig: {optionRoot: MSFT, optionType: C, strike: 50.00, expiry: "2016-01-15 16:00"}}
Position: {symbol:MSFT  160115C00055000, qty: 5, price: 5.01, optionConfig: {optionRoot: MSFT, optionType: C, strike: 55.00, expiry: "2016-01-15 16:00"}}
Position: {symbol:MSFT  160115P00080000, qty: -4, price: 28.70, optionConfig: {optionRoot: MSFT, optionType: P, strike: 80.00, expiry: "2016-01-15 16:00"}}
Position: {symbol:MSFT  160115P00082000, qty: 5, price: 30.19, optionConfig: {optionRoot: MSFT, optionType: P, strike: 82.00, expiry: "2016-01-15 16:00"}}
Position: {symbol:CSCO  160115C00060000, description: "CSCO Jan-16 60 Call", qty: -2, price: 25.04, optionConfig: {optionRoot: CSCO, optionType: C, strike: 60.00, expiry: "2016-01-15 16:00"}}
Position: {symbol:CSCO  160115C00067500, description: "CSCO Jan-16 67.50 Call", qty: 6, price: 17.50, optionConfig: {optionRoot: CSCO, optionType: C, strike: 67.50, expiry: "2016-01-15 16:00"}}
Position: {symbol:CSCO  160115C00075000, description: "CSCO Jan-16 75.00 Call", qty: -1, price: 9.30, optionConfig: {optionRoot: CSCO, optionType: C, strike: 75.00, expiry: "2016-01-15 16:00"}}
Position: {symbol:CSCO  160115C00030000, description: "CSCO Jan-16 30.00 Put", qty: 3, price: 0.05, optionConfig: {optionRoot: CSCO, optionType: P, strike: 30.00, expiry: "2016-01-15 16:00"}}
Position: {symbol:CSCO  160115C00035000, description: "CSCO Jan-16 35.00 Put", qty: -5, price: 0.07, optionConfig: {optionRoot: CSCO, optionType: P, strike: 35.00, expiry: "2016-01-15 16:00"}}
Position: {symbol:BP    160115C00075000, qty: 6, price: 59.20, optionConfig: {optionRoot: BP, optionType: C, strike: 75.00, expiry: "2016-01-15 16:00"}}
Position: {symbol:BP    160115C00080000, qty: -16, price: 54.67, optionConfig: {optionRoot: BP, optionType: C, strike: 80.00, expiry: "2016-01-15 16:00"}}
Position: {symbol:BP    160115C00085000, qty: 17, price: 49.21, optionConfig: {optionRoot: BP, optionType: C, strike: 85.00, expiry: "2016-01-15 16:00"}}
Position: {symbol:BP    160115C00090000, qty: -4, price: 44.30, optionConfig: {optionRoot: BP, optionType: C, strike: 90.00, expiry: "2016-01-15 16:00"}}
Position: {symbol:BP    160115P00045000, qty: 6, price: 0.04, optionConfig: {optionRoot: BP, optionType: P, strike: 45.00, expiry: "2016-01-15 16:00"}}
Position: {symbol:BP    160115P00050000, qty: -16, price: 0.70, optionConfig: {optionRoot: BP, optionType: P, strike: 50.00, expiry: "2016-01-15 16:00"}}
Position: {symbol:BP    160115P00055000, qty: 17, price: 1.30, optionConfig: {optionRoot: BP, optionType: P, strike: 55.00, expiry: "2016-01-15 16:00"}}
Position: {symbol:BP    160115P00060000, qty: -4, price: 1.75, optionConfig: {optionRoot: BP, optionType: P, strike: 60.00, expiry: "2016-01-15 16:00"}}

AccountID 'account1' total initial margin=8285.00000 total maintenance margin=8285.00000' all strategy lists:
Option root 'MSFT'
coreList2
Strategy: {strategyName: CallVerticalLong, quantity: 6, maintenanceMargin: 0, initialMargin: 0, pureNakedMargin: 13488.0000, legs: [optionLeg: {symbol: "MSFT  160115C00047500", qty: 6, price: 13.06, optionConfig: {optionRoot: MSFT, optionType: C, strike: 47.50, expiry: "2016-01-15 16:00"}}, optionLeg: {symbol: "MSFT  160115C00050000", qty: -6, price: 10.40, optionConfig: {optionRoot: MSFT, optionType: C, strike: 50.00, expiry: "2016-01-15 16:00"}}]}
Strategy: {strategyName: PutVerticalLong, quantity: 4, maintenanceMargin: 0, initialMargin: 0, pureNakedMargin: 16312.0000, legs: [optionLeg: {symbol: "MSFT  160115P00080000", qty: -4, price: 28.70, optionConfig: {optionRoot: MSFT, optionType: P, strike: 80.00, expiry: "2016-01-15 16:00"}}, optionLeg: {symbol: "MSFT  160115P00082000", qty: 4, price: 30.19, optionConfig: {optionRoot: MSFT, optionType: P, strike: 82.00, expiry: "2016-01-15 16:00"}}]}
Strategy: {strategyName: CallVerticalShort, quantity: 2, maintenanceMargin: 1000.0000, initialMargin: 1000.0000, pureNakedMargin: 4496.0000, legs: [optionLeg: {symbol: "MSFT  160115C00050000", qty: -2, price: 10.40, optionConfig: {optionRoot: MSFT, optionType: C, strike: 50.00, expiry: "2016-01-15 16:00"}}, optionLeg: {symbol: "MSFT  160115C00055000", qty: 2, price: 5.01, optionConfig: {optionRoot: MSFT, optionType: C, strike: 55.00, expiry: "2016-01-15 16:00"}}]}
Strategy: {strategyName: CallUnpairedLong, quantity: 3, maintenanceMargin: 0, initialMargin: 0, pureNakedMargin: 0, legs: [optionLeg: {symbol: "MSFT  160115C00055000", qty: 3, price: 5.01, optionConfig: {optionRoot: MSFT, optionType: C, strike: 55.00, expiry: "2016-01-15 16:00"}}]}
Strategy: {strategyName: PutUnpairedLong, quantity: 1, maintenanceMargin: 0, initialMargin: 0, pureNakedMargin: 0, legs: [optionLeg: {symbol: "MSFT  160115P00082000", qty: 1, price: 30.19, optionConfig: {optionRoot: MSFT, optionType: P, strike: 82.00, expiry: "2016-01-15 16:00"}}]}
coreList1
Strategy: {strategyName: CallVerticalLong, quantity: 6, maintenanceMargin: 0, initialMargin: 0, pureNakedMargin: 13488.0000, legs: [optionLeg: {symbol: "MSFT  160115C00047500", qty: 6, price: 13.06, optionConfig: {optionRoot: MSFT, optionType: C, strike: 47.50, expiry: "2016-01-15 16:00"}}, optionLeg: {symbol: "MSFT  160115C00050000", qty: -6, price: 10.40, optionConfig: {optionRoot: MSFT, optionType: C, strike: 50.00, expiry: "2016-01-15 16:00"}}]}
Strategy: {strategyName: PutVerticalLong, quantity: 4, maintenanceMargin: 0, initialMargin: 0, pureNakedMargin: 16312.0000, legs: [optionLeg: {symbol: "MSFT  160115P00080000", qty: -4, price: 28.70, optionConfig: {optionRoot: MSFT, optionType: P, strike: 80.00, expiry: "2016-01-15 16:00"}}, optionLeg: {symbol: "MSFT  160115P00082000", qty: 4, price: 30.19, optionConfig: {optionRoot: MSFT, optionType: P, strike: 82.00, expiry: "2016-01-15 16:00"}}]}
Strategy: {strategyName: CallVerticalShort, quantity: 2, maintenanceMargin: 1000.0000, initialMargin: 1000.0000, pureNakedMargin: 4496.0000, legs: [optionLeg: {symbol: "MSFT  160115C00050000", qty: -2, price: 10.40, optionConfig: {optionRoot: MSFT, optionType: C, strike: 50.00, expiry: "2016-01-15 16:00"}}, optionLeg: {symbol: "MSFT  160115C00055000", qty: 2, price: 5.01, optionConfig: {optionRoot: MSFT, optionType: C, strike: 55.00, expiry: "2016-01-15 16:00"}}]}
Strategy: {strategyName: CallUnpairedLong, quantity: 3, maintenanceMargin: 0, initialMargin: 0, pureNakedMargin: 0, legs: [optionLeg: {symbol: "MSFT  160115C00055000", qty: 3, price: 5.01, optionConfig: {optionRoot: MSFT, optionType: C, strike: 55.00, expiry: "2016-01-15 16:00"}}]}
Strategy: {strategyName: PutUnpairedLong, quantity: 1, maintenanceMargin: 0, initialMargin: 0, pureNakedMargin: 0, legs: [optionLeg: {symbol: "MSFT  160115P00082000", qty: 1, price: 30.19, optionConfig: {optionRoot: MSFT, optionType: P, strike: 82.00, expiry: "2016-01-15 16:00"}}]}
Option root 'CSCO'
coreList2
Strategy: {strategyName: CallButterflyShort, quantity: 1, maintenanceMargin: 750.0000, initialMargin: 750.0000, pureNakedMargin: 6806.0000, legs: [optionLeg: {symbol: "CSCO  160115C00060000", description: "CSCO Jan-16 60 Call", qty: -1, price: 25.04, optionConfig: {optionRoot: CSCO, optionType: C, strike: 60.00, expiry: "2016-01-15 16:00"}}, optionLeg: {symbol: "CSCO  160115C00067500", description: "CSCO Jan-16 67.50 Call", qty: 2, price: 17.50, optionConfig: {optionRoot: CSCO, optionType: C, strike: 67.50, expiry: "2016-01-15 16:00"}}, optionLeg: {symbol: "CSCO  160115C00075000", description: "CSCO Jan-16 75.00 Call", qty: -1, price: 9.30, optionConfig: {optionRoot: CSCO, optionType: C, strike: 75.00, expiry: "2016-01-15 16:00"}}]}
Strategy: {strategyName: CallVerticalShort, quantity: 1, maintenanceMargin: 750.0000, initialMargin: 750.0000, pureNakedMargin: 4190.0000, legs: [optionLeg: {symbol: "CSCO  160115C00060000", description: "CSCO Jan-16 60 Call", qty: -1, price: 25.04, optionConfig: {optionRoot: CSCO, optionType: C, strike: 60.00, expiry: "2016-01-15 16:00"}}, optionLeg: {symbol: "CSCO  160115C00067500", description: "CSCO Jan-16 67.50 Call", qty: 1, price: 17.50, optionConfig: {optionRoot: CSCO, optionType: C, strike: 67.50, expiry: "2016-01-15 16:00"}}]}
Strategy: {strategyName: PutUnpairedShort, quantity: 5, maintenanceMargin: 1785.00000, marginDebug: {"((8430.00 * 0.2 + -4930.000) * 5) + 35.0000, (((35.00 * 100.00) - 0) * 5 * 0.1) + 35.0000"}, initialMargin: 1785.00000, pureNakedMargin: 1785.00000, legs: [optionLeg: {symbol: "CSCO  160115C00035000", description: "CSCO Jan-16 35.00 Put", qty: -5, price: 0.07, optionConfig: {optionRoot: CSCO, optionType: P, strike: 35.00, expiry: "2016-01-15 16:00"}}]}
Strategy: {strategyName: CallUnpairedLong, quantity: 3, maintenanceMargin: 0, initialMargin: 0, pureNakedMargin: 0, legs: [optionLeg: {symbol: "CSCO  160115C00067500", description: "CSCO Jan-16 67.50 Call", qty: 3, price: 17.50, optionConfig: {optionRoot: CSCO, optionType: C, strike: 67.50, expiry: "2016-01-15 16:00"}}]}
Strategy: {strategyName: PutUnpairedLong, quantity: 3, maintenanceMargin: 0, initialMargin: 0, pureNakedMargin: 0, legs: [optionLeg: {symbol: "CSCO  160115C00030000", description: "CSCO Jan-16 30.00 Put", qty: 3, price: 0.05, optionConfig: {optionRoot: CSCO, optionType: P, strike: 30.00, expiry: "2016-01-15 16:00"}}]}
coreList1
Strategy: {strategyName: CallButterflyShort, quantity: 1, maintenanceMargin: 750.0000, initialMargin: 750.0000, pureNakedMargin: 6806.0000, legs: [optionLeg: {symbol: "CSCO  160115C00060000", description: "CSCO Jan-16 60 Call", qty: -1, price: 25.04, optionConfig: {optionRoot: CSCO, optionType: C, strike: 60.00, expiry: "2016-01-15 16:00"}}, optionLeg: {symbol: "CSCO  160115C00067500", description: "CSCO Jan-16 67.50 Call", qty: 2, price: 17.50, optionConfig: {optionRoot: CSCO, optionType: C, strike: 67.50, expiry: "2016-01-15 16:00"}}, optionLeg: {symbol: "CSCO  160115C00075000", description: "CSCO Jan-16 75.00 Call", qty: -1, price: 9.30, optionConfig: {optionRoot: CSCO, optionType: C, strike: 75.00, expiry: "2016-01-15 16:00"}}]}
Strategy: {strategyName: CallVerticalShort, quantity: 1, maintenanceMargin: 750.0000, initialMargin: 750.0000, pureNakedMargin: 4190.0000, legs: [optionLeg: {symbol: "CSCO  160115C00060000", description: "CSCO Jan-16 60 Call", qty: -1, price: 25.04, optionConfig: {optionRoot: CSCO, optionType: C, strike: 60.00, expiry: "2016-01-15 16:00"}}, optionLeg: {symbol: "CSCO  160115C00067500", description: "CSCO Jan-16 67.50 Call", qty: 1, price: 17.50, optionConfig: {optionRoot: CSCO, optionType: C, strike: 67.50, expiry: "2016-01-15 16:00"}}]}
Strategy: {strategyName: PutUnpairedShort, quantity: 5, maintenanceMargin: 1785.00000, marginDebug: {"((8430.00 * 0.2 + -4930.000) * 5) + 35.0000, (((35.00 * 100.00) - 0) * 5 * 0.1) + 35.0000"}, initialMargin: 1785.00000, pureNakedMargin: 1785.00000, legs: [optionLeg: {symbol: "CSCO  160115C00035000", description: "CSCO Jan-16 35.00 Put", qty: -5, price: 0.07, optionConfig: {optionRoot: CSCO, optionType: P, strike: 35.00, expiry: "2016-01-15 16:00"}}]}
Strategy: {strategyName: CallUnpairedLong, quantity: 3, maintenanceMargin: 0, initialMargin: 0, pureNakedMargin: 0, legs: [optionLeg: {symbol: "CSCO  160115C00067500", description: "CSCO Jan-16 67.50 Call", qty: 3, price: 17.50, optionConfig: {optionRoot: CSCO, optionType: C, strike: 67.50, expiry: "2016-01-15 16:00"}}]}
Strategy: {strategyName: PutUnpairedLong, quantity: 3, maintenanceMargin: 0, initialMargin: 0, pureNakedMargin: 0, legs: [optionLeg: {symbol: "CSCO  160115C00030000", description: "CSCO Jan-16 30.00 Put", qty: 3, price: 0.05, optionConfig: {optionRoot: CSCO, optionType: P, strike: 30.00, expiry: "2016-01-15 16:00"}}]}
Option root 'BP'
coreList2
Strategy: {strategyName: IronCondorLong, quantity: 6, maintenanceMargin: 0, initialMargin: 0, pureNakedMargin: 52305.60000, legs: [optionLeg: {symbol: "BP    160115P00050000", qty: -6, price: 0.70, optionConfig: {optionRoot: BP, optionType: P, strike: 50.00, expiry: "2016-01-15 16:00"}}, optionLeg: {symbol: "BP    160115P00055000", qty: 6, price: 1.30, optionConfig: {optionRoot: BP, optionType: P, strike: 55.00, expiry: "2016-01-15 16:00"}}, optionLeg: {symbol: "BP    160115C00075000", qty: 6, price: 59.20, optionConfig: {optionRoot: BP, optionType: C, strike: 75.00, expiry: "2016-01-15 16:00"}}, optionLeg: {symbol: "BP    160115C00080000", qty: -6, price: 54.67, optionConfig: {optionRoot: BP, optionType: C, strike: 80.00, expiry: "2016-01-15 16:00"}}]}
Strategy: {strategyName: IronCondorLong, quantity: 4, maintenanceMargin: 0, initialMargin: 0, pureNakedMargin: 30722.40000, legs: [optionLeg: {symbol: "BP    160115P00050000", qty: -4, price: 0.70, optionConfig: {optionRoot: BP, optionType: P, strike: 50.00, expiry: "2016-01-15 16:00"}}, optionLeg: {symbol: "BP    160115P00055000", qty: 4, price: 1.30, optionConfig: {optionRoot: BP, optionType: P, strike: 55.00, expiry: "2016-01-15 16:00"}}, optionLeg: {symbol: "BP    160115C00085000", qty: 4, price: 49.21, optionConfig: {optionRoot: BP, optionType: C, strike: 85.00, expiry: "2016-01-15 16:00"}}, optionLeg: {symbol: "BP    160115C00090000", qty: -4, price: 44.30, optionConfig: {optionRoot: BP, optionType: C, strike: 90.00, expiry: "2016-01-15 16:00"}}]}
Strategy: {strategyName: PutButterflyLong, quantity: 3, maintenanceMargin: 0, initialMargin: 0, pureNakedMargin: 1920.00000, legs: [optionLeg: {symbol: "BP    160115P00045000", qty: 3, price: 0.04, optionConfig: {optionRoot: BP, optionType: P, strike: 45.00, expiry: "2016-01-15 16:00"}}, optionLeg: {symbol: "BP    160115P00050000", qty: -6, price: 0.70, optionConfig: {optionRoot: BP, optionType: P, strike: 50.00, expiry: "2016-01-15 16:00"}}, optionLeg: {symbol: "BP    160115P00055000", qty: 3, price: 1.30, optionConfig: {optionRoot: BP, optionType: P, strike: 55.00, expiry: "2016-01-15 16:00"}}]}
Strategy: {strategyName: IronCondorShort, quantity: 4, maintenanceMargin: 2000.0000, initialMargin: 2000.0000, pureNakedMargin: 35690.40000, legs: [optionLeg: {symbol: "BP    160115P00055000", qty: 4, price: 1.30, optionConfig: {optionRoot: BP, optionType: P, strike: 55.00, expiry: "2016-01-15 16:00"}}, optionLeg: {symbol: "BP    160115P00060000", qty: -4, price: 1.75, optionConfig: {optionRoot: BP, optionType: P, strike: 60.00, expiry: "2016-01-15 16:00"}}, optionLeg: {symbol: "BP    160115C00080000", qty: -4, price: 54.67, optionConfig: {optionRoot: BP, optionType: C, strike: 80.00, expiry: "2016-01-15 16:00"}}, optionLeg: {symbol: "BP    160115C00085000", qty: 4, price: 49.21, optionConfig: {optionRoot: BP, optionType: C, strike: 85.00, expiry: "2016-01-15 16:00"}}]}
Strategy: {strategyName: CallVerticalShort, quantity: 6, maintenanceMargin: 3000.0000, initialMargin: 3000.0000, pureNakedMargin: 48885.6000, legs: [optionLeg: {symbol: "BP    160115C00080000", qty: -6, price: 54.67, optionConfig: {optionRoot: BP, optionType: C, strike: 80.00, expiry: "2016-01-15 16:00"}}, optionLeg: {symbol: "BP    160115C00085000", qty: 6, price: 49.21, optionConfig: {optionRoot: BP, optionType: C, strike: 85.00, expiry: "2016-01-15 16:00"}}]}
Strategy: {strategyName: CallUnpairedLong, quantity: 3, maintenanceMargin: 0, initialMargin: 0, pureNakedMargin: 0, legs: [optionLeg: {symbol: "BP    160115C00085000", qty: 3, price: 49.21, optionConfig: {optionRoot: BP, optionType: C, strike: 85.00, expiry: "2016-01-15 16:00"}}]}
Strategy: {strategyName: PutUnpairedLong, quantity: 3, maintenanceMargin: 0, initialMargin: 0, pureNakedMargin: 0, legs: [optionLeg: {symbol: "BP    160115P00045000", qty: 3, price: 0.04, optionConfig: {optionRoot: BP, optionType: P, strike: 45.00, expiry: "2016-01-15 16:00"}}]}
coreList1
Strategy: {strategyName: CallButterflyLong, quantity: 6, maintenanceMargin: 0, initialMargin: 0, pureNakedMargin: 81687.6000, legs: [optionLeg: {symbol: "BP    160115C00075000", qty: 6, price: 59.20, optionConfig: {optionRoot: BP, optionType: C, strike: 75.00, expiry: "2016-01-15 16:00"}}, optionLeg: {symbol: "BP    160115C00080000", qty: -12, price: 54.67, optionConfig: {optionRoot: BP, optionType: C, strike: 80.00, expiry: "2016-01-15 16:00"}}, optionLeg: {symbol: "BP    160115C00085000", qty: 6, price: 49.21, optionConfig: {optionRoot: BP, optionType: C, strike: 85.00, expiry: "2016-01-15 16:00"}}]}
Strategy: {strategyName: PutButterflyLong, quantity: 6, maintenanceMargin: 0, initialMargin: 0, pureNakedMargin: 3840.00000, legs: [optionLeg: {symbol: "BP    160115P00045000", qty: 6, price: 0.04, optionConfig: {optionRoot: BP, optionType: P, strike: 45.00, expiry: "2016-01-15 16:00"}}, optionLeg: {symbol: "BP    160115P00050000", qty: -12, price: 0.70, optionConfig: {optionRoot: BP, optionType: P, strike: 50.00, expiry: "2016-01-15 16:00"}}, optionLeg: {symbol: "BP    160115P00055000", qty: 6, price: 1.30, optionConfig: {optionRoot: BP, optionType: P, strike: 55.00, expiry: "2016-01-15 16:00"}}]}
Strategy: {strategyName: CallButterflyShort, quantity: 4, maintenanceMargin: 2000.0000, initialMargin: 2000.0000, pureNakedMargin: 61032.8000, legs: [optionLeg: {symbol: "BP    160115C00080000", qty: -4, price: 54.67, optionConfig: {optionRoot: BP, optionType: C, strike: 80.00, expiry: "2016-01-15 16:00"}}, optionLeg: {symbol: "BP    160115C00085000", qty: 8, price: 49.21, optionConfig: {optionRoot: BP, optionType: C, strike: 85.00, expiry: "2016-01-15 16:00"}}, optionLeg: {symbol: "BP    160115C00090000", qty: -4, price: 44.30, optionConfig: {optionRoot: BP, optionType: C, strike: 90.00, expiry: "2016-01-15 16:00"}}]}
Strategy: {strategyName: PutButterflyShort, quantity: 4, maintenanceMargin: 2000.0000, initialMargin: 2000.0000, pureNakedMargin: 5380.00000, legs: [optionLeg: {symbol: "BP    160115P00050000", qty: -4, price: 0.70, optionConfig: {optionRoot: BP, optionType: P, strike: 50.00, expiry: "2016-01-15 16:00"}}, optionLeg: {symbol: "BP    160115P00055000", qty: 8, price: 1.30, optionConfig: {optionRoot: BP, optionType: P, strike: 55.00, expiry: "2016-01-15 16:00"}}, optionLeg: {symbol: "BP    160115P00060000", qty: -4, price: 1.75, optionConfig: {optionRoot: BP, optionType: P, strike: 60.00, expiry: "2016-01-15 16:00"}}]}
Strategy: {strategyName: CallUnpairedLong, quantity: 3, maintenanceMargin: 0, initialMargin: 0, pureNakedMargin: 0, legs: [optionLeg: {symbol: "BP    160115C00085000", qty: 3, price: 49.21, optionConfig: {optionRoot: BP, optionType: C, strike: 85.00, expiry: "2016-01-15 16:00"}}]}
Strategy: {strategyName: PutUnpairedLong, quantity: 3, maintenanceMargin: 0, initialMargin: 0, pureNakedMargin: 0, legs: [optionLeg: {symbol: "BP    160115P00055000", qty: 3, price: 1.30, optionConfig: {optionRoot: BP, optionType: P, strike: 55.00, expiry: "2016-01-15 16:00"}}]}

Input for PairingRequest
OptionRoot: {optionRootSymbol:GPRO, exerciseStyle:A, underlyerType:S, deliverables:[Deliverable: {symbol:GPRO, qty:100, price:46.00, maintenancePct:0.25, deliverableType:S}]}
Account: account3_1
Positions:
Position: {symbol:GPRO  160115P00045000, qty: 5, price: 1.03, optionConfig: {optionRoot: GPRO, optionType: P, strike: 45.00, expiry: "2016-01-15 16:00"}}
Position: {symbol:GPRO  160115P00050000, qty: -6, price: 4.23, optionConfig: {optionRoot: GPRO, optionType: P, strike: 50.00, expiry: "2016-01-15 16:00"}}
Position: {symbol:GPRO  160115C00050000, qty: -7, price: 3.03, optionConfig: {optionRoot: GPRO, optionType: C, strike: 50.00, expiry: "2016-01-15 16:00"}}
Position: {symbol:GPRO  160115C00055000, qty: 10, price: 2.75, optionConfig: {optionRoot: GPRO, optionType: C, strike: 55.00, expiry: "2016-01-15 16:00"}}
Account: account3
Positions:
Position: {symbol:GPRO  160115C00080000, qty: -6, price: 6.50, optionConfig: {optionRoot: GPRO, optionType: P, strike: 80.00, expiry: "2016-01-15 16:00"}}
Position: {symbol:GPRO  160115C00085000, qty: 8, price: 6.50, optionConfig: {optionRoot: GPRO, optionType: P, strike: 85.00, expiry: "2016-01-15 16:00"}}
Position: {symbol:GPRO  160115C00085000, qty: 8, price: 6.50, optionConfig: {optionRoot: GPRO, optionType: C, strike: 85.00, expiry: "2016-01-15 16:00"}}
Position: {symbol:GPRO  160115C00090000, qty: -6, price: 6.50, optionConfig: {optionRoot: GPRO, optionType: C, strike: 90.00, expiry: "2016-01-15 16:00"}}

AccountID 'account3_1' total initial margin=4843.0000 total maintenance margin=4843.0000' all strategy lists:
Option root 'GPRO'
coreList2
Strategy: {strategyName: IronButterflyShort, quantity: 5, maintenanceMargin: 2500.0000, initialMargin: 2500.0000, pureNakedMargin: 10830.0000, legs: [optionLeg: {symbol: "GPRO  160115P00045000", qty: 5, price: 1.03, optionConfig: {optionRoot: GPRO, optionType: P, strike: 45.00, expiry: "2016-01-15 16:00"}}, optionLeg: {symbol: "GPRO  160115P00050000", qty: -5, price: 4.23, optionConfig: {optionRoot: GPRO, optionType: P, strike: 50.00, expiry: "2016-01-15 16:00"}}, optionLeg: {symbol: "GPRO  160115C00050000", qty: -5, price: 3.03, optionConfig: {optionRoot: GPRO, optionType: C, strike: 50.00, expiry: "2016-01-15 16:00"}}, optionLeg: {symbol: "GPRO  160115C00055000", qty: 5, price: 2.75, optionConfig: {optionRoot: GPRO, optionType: C, strike: 55.00, expiry: "2016-01-15 16:00"}}]}
Strategy: {strategyName: CallVerticalShort, quantity: 2, maintenanceMargin: 1000.0000, initialMargin: 1000.0000, pureNakedMargin: 1646.0000, legs: [optionLeg: {symbol: "GPRO  160115C00050000", qty: -2, price: 3.03, optionConfig: {optionRoot: GPRO, optionType: C, strike: 50.00, expiry: "2016-01-15 16:00"}}, optionLeg: {symbol: "GPRO  160115C00055000", qty: 2, price: 2.75, optionConfig: {optionRoot: GPRO, optionType: C, strike: 55.00, expiry: "2016-01-15 16:00"}}]}
Strategy: {strategyName: PutUnpairedShort, quantity: 1, maintenanceMargin: 1343.0000, marginDebug: {"((4600.00 * 0.2 + 0) * 1) + 423.0000, (((50.00 * 100.00) - 0) * 1 * 0.1) + 423.0000"}, initialMargin: 1343.0000, pureNakedMargin: 1343.0000, legs: [optionLeg: {symbol: "GPRO  160115P00050000", qty: -1, price: 4.23, optionConfig: {optionRoot: GPRO, optionType: P, strike: 50.00, expiry: "2016-01-15 16:00"}}]}
Strategy: {strategyName: CallUnpairedLong, quantity: 3, maintenanceMargin: 0, initialMargin: 0, pureNakedMargin: 0, legs: [optionLeg: {symbol: "GPRO  160115C00055000", qty: 3, price: 2.75, optionConfig: {optionRoot: GPRO, optionType: C, strike: 55.00, expiry: "2016-01-15 16:00"}}]}
coreList1
Strategy: {strategyName: IronButterflyShort, quantity: 5, maintenanceMargin: 2500.0000, initialMargin: 2500.0000, pureNakedMargin: 10830.0000, legs: [optionLeg: {symbol: "GPRO  160115P00045000", qty: 5, price: 1.03, optionConfig: {optionRoot: GPRO, optionType: P, strike: 45.00, expiry: "2016-01-15 16:00"}}, optionLeg: {symbol: "GPRO  160115P00050000", qty: -5, price: 4.23, optionConfig: {optionRoot: GPRO, optionType: P, strike: 50.00, expiry: "2016-01-15 16:00"}}, optionLeg: {symbol: "GPRO  160115C00050000", qty: -5, price: 3.03, optionConfig: {optionRoot: GPRO, optionType: C, strike: 50.00, expiry: "2016-01-15 16:00"}}, optionLeg: {symbol: "GPRO  160115C00055000", qty: 5, price: 2.75, optionConfig: {optionRoot: GPRO, optionType: C, strike: 55.00, expiry: "2016-01-15 16:00"}}]}
Strategy: {strategyName: CallVerticalShort, quantity: 2, maintenanceMargin: 1000.0000, initialMargin: 1000.0000, pureNakedMargin: 1646.0000, legs: [optionLeg: {symbol: "GPRO  160115C00050000", qty: -2, price: 3.03, optionConfig: {optionRoot: GPRO, optionType: C, strike: 50.00, expiry: "2016-01-15 16:00"}}, optionLeg: {symbol: "GPRO  160115C00055000", qty: 2, price: 2.75, optionConfig: {optionRoot: GPRO, optionType: C, strike: 55.00, expiry: "2016-01-15 16:00"}}]}
Strategy: {strategyName: PutUnpairedShort, quantity: 1, maintenanceMargin: 1343.0000, marginDebug: {"((4600.00 * 0.2 + 0) * 1) + 423.0000, (((50.00 * 100.00) - 0) * 1 * 0.1) + 423.0000"}, initialMargin: 1343.0000, pureNakedMargin: 1343.0000, legs: [optionLeg: {symbol: "GPRO  160115P00050000", qty: -1, price: 4.23, optionConfig: {optionRoot: GPRO, optionType: P, strike: 50.00, expiry: "2016-01-15 16:00"}}]}
Strategy: {strategyName: CallUnpairedLong, quantity: 3, maintenanceMargin: 0, initialMargin: 0, pureNakedMargin: 0, legs: [optionLeg: {symbol: "GPRO  160115C00055000", qty: 3, price: 2.75, optionConfig: {optionRoot: GPRO, optionType: C, strike: 55.00, expiry: "2016-01-15 16:00"}}]}
AccountID 'account3' total initial margin=0 total maintenance margin=0' all strategy lists:
Option root 'GPRO'
coreList2
Strategy: {strategyName: IronButterflyLong, quantity: 6, maintenanceMargin: 0, initialMargin: 0, pureNakedMargin: 16080.0000, legs: [optionLeg: {symbol: "GPRO  160115C00080000", qty: -6, price: 6.50, optionConfig: {optionRoot: GPRO, optionType: P, strike: 80.00, expiry: "2016-01-15 16:00"}}, optionLeg: {symbol: "GPRO  160115C00085000", qty: 6, price: 6.50, optionConfig: {optionRoot: GPRO, optionType: P, strike: 85.00, expiry: "2016-01-15 16:00"}}, optionLeg: {symbol: "GPRO  160115C00085000", qty: 6, price: 6.50, optionConfig: {optionRoot: GPRO, optionType: C, strike: 85.00, expiry: "2016-01-15 16:00"}}, optionLeg: {symbol: "GPRO  160115C00090000", qty: -6, price: 6.50, optionConfig: {optionRoot: GPRO, optionType: C, strike: 90.00, expiry: "2016-01-15 16:00"}}]}
Strategy: {strategyName: CallUnpairedLong, quantity: 2, maintenanceMargin: 0, initialMargin: 0, pureNakedMargin: 0, legs: [optionLeg: {symbol: "GPRO  160115C00085000", qty: 2, price: 6.50, optionConfig: {optionRoot: GPRO, optionType: C, strike: 85.00, expiry: "2016-01-15 16:00"}}]}
Strategy: {strategyName: PutUnpairedLong, quantity: 2, maintenanceMargin: 0, initialMargin: 0, pureNakedMargin: 0, legs: [optionLeg: {symbol: "GPRO  160115C00085000", qty: 2, price: 6.50, optionConfig: {optionRoot: GPRO, optionType: P, strike: 85.00, expiry: "2016-01-15 16:00"}}]}
coreList1
Strategy: {strategyName: IronButterflyLong, quantity: 6, maintenanceMargin: 0, initialMargin: 0, pureNakedMargin: 16080.0000, legs: [optionLeg: {symbol: "GPRO  160115C00080000", qty: -6, price: 6.50, optionConfig: {optionRoot: GPRO, optionType: P, strike: 80.00, expiry: "2016-01-15 16:00"}}, optionLeg: {symbol: "GPRO  160115C00085000", qty: 6, price: 6.50, optionConfig: {optionRoot: GPRO, optionType: P, strike: 85.00, expiry: "2016-01-15 16:00"}}, optionLeg: {symbol: "GPRO  160115C00085000", qty: 6, price: 6.50, optionConfig: {optionRoot: GPRO, optionType: C, strike: 85.00, expiry: "2016-01-15 16:00"}}, optionLeg: {symbol: "GPRO  160115C00090000", qty: -6, price: 6.50, optionConfig: {optionRoot: GPRO, optionType: C, strike: 90.00, expiry: "2016-01-15 16:00"}}]}
Strategy: {strategyName: CallUnpairedLong, quantity: 2, maintenanceMargin: 0, initialMargin: 0, pureNakedMargin: 0, legs: [optionLeg: {symbol: "GPRO  160115C00085000", qty: 2, price: 6.50, optionConfig: {optionRoot: GPRO, optionType: C, strike: 85.00, expiry: "2016-01-15 16:00"}}]}
Strategy: {strategyName: PutUnpairedLong, quantity: 2, maintenanceMargin: 0, initialMargin: 0, pureNakedMargin: 0, legs: [optionLeg: {symbol: "GPRO  160115C00085000", qty: 2, price: 6.50, optionConfig: {optionRoot: GPRO, optionType: P, strike: 85.00, expiry: "2016-01-15 16:00"}}]}

]]></system-out>
  <system-err><![CDATA[]]></system-err>
</testsuite>
