<?xml version="1.0" encoding="UTF-8"?>
<testsuite name="PairingRequestTest" tests="2" skipped="0" failures="0" errors="0" timestamp="2016-09-09T03:59:37" hostname="Mereckis-iMac.local" time="0.152">
  <properties/>
  <testcase name="build1AndPair1" classname="PairingRequestTest" time="0.145"/>
  <testcase name="build1AndPair2" classname="PairingRequestTest" time="0.006"/>
  <system-out><![CDATA[Input for PairingRequest: {accounts:[account {accountId: account1234, strategyGroupName: core, positions: [Posotion: {symbol:MSFT  160115C00047500, description: "", qty:6, optionConfig:optionConfig: {optionRoot: MSFT, optionType: C, strike: 47.50, expiry: "2016-01-15 16:00"}}, Posotion: {symbol:MSFT  160115C00050000, description: "", qty:-8, optionConfig:optionConfig: {optionRoot: MSFT, optionType: C, strike: 50.00, expiry: "2016-01-15 16:00"}}, Posotion: {symbol:MSFT  160115C00055000, description: "", qty:5, optionConfig:optionConfig: {optionRoot: MSFT, optionType: C, strike: 55.00, expiry: "2016-01-15 16:00"}}, Posotion: {symbol:MSFT  160115P00080000, description: "", qty:-4, optionConfig:optionConfig: {optionRoot: MSFT, optionType: P, strike: 80.00, expiry: "2016-01-15 16:00"}}, Posotion: {symbol:MSFT  160115P00082000, description: "", qty:5, optionConfig:optionConfig: {optionRoot: MSFT, optionType: P, strike: 82.00, expiry: "2016-01-15 16:00"}}, Posotion: {symbol:CSCO  160115C00060000, description: "CSCO Jan-16 60 Call", qty:-2, optionConfig:optionConfig: {optionRoot: CSCO, optionType: C, strike: 60.00, expiry: "2016-01-15 16:00"}}, Posotion: {symbol:CSCO  160115C00067500, description: "CSCO Jan-16 67.50 Call", qty:6, optionConfig:optionConfig: {optionRoot: CSCO, optionType: C, strike: 67.50, expiry: "2016-01-15 16:00"}}, Posotion: {symbol:CSCO  160115C00075000, description: "CSCO Jan-16 75.00 Call", qty:-1, optionConfig:optionConfig: {optionRoot: CSCO, optionType: C, strike: 75.00, expiry: "2016-01-15 16:00"}}, Posotion: {symbol:CSCO  160115C00030000, description: "CSCO Jan-16 30.00 Put", qty:3, optionConfig:optionConfig: {optionRoot: CSCO, optionType: P, strike: 30.00, expiry: "2016-01-15 16:00"}}, Posotion: {symbol:CSCO  160115C00035000, description: "CSCO Jan-16 35.00 Put", qty:-5, optionConfig:optionConfig: {optionRoot: CSCO, optionType: P, strike: 35.00, expiry: "2016-01-15 16:00"}}, Posotion: {symbol:BP    160115C00045000, description: "", qty:6, optionConfig:optionConfig: {optionRoot: BP, optionType: C, strike: 45.00, expiry: "2016-01-15 16:00"}}, Posotion: {symbol:BP    160115C00050000, description: "", qty:-16, optionConfig:optionConfig: {optionRoot: BP, optionType: C, strike: 50.00, expiry: "2016-01-15 16:00"}}, Posotion: {symbol:BP    160115C00055000, description: "", qty:17, optionConfig:optionConfig: {optionRoot: BP, optionType: C, strike: 55.00, expiry: "2016-01-15 16:00"}}, Posotion: {symbol:BP    160115C00060000, description: "", qty:-4, optionConfig:optionConfig: {optionRoot: BP, optionType: C, strike: 60.00, expiry: "2016-01-15 16:00"}}, Posotion: {symbol:BP    160115P00045000, description: "", qty:6, optionConfig:optionConfig: {optionRoot: BP, optionType: P, strike: 45.00, expiry: "2016-01-15 16:00"}}, Posotion: {symbol:BP    160115P00050000, description: "", qty:-16, optionConfig:optionConfig: {optionRoot: BP, optionType: P, strike: 50.00, expiry: "2016-01-15 16:00"}}, Posotion: {symbol:BP    160115P00055000, description: "", qty:17, optionConfig:optionConfig: {optionRoot: BP, optionType: P, strike: 55.00, expiry: "2016-01-15 16:00"}}, Posotion: {symbol:BP    160115P00060000, description: "", qty:-4, optionConfig:optionConfig: {optionRoot: BP, optionType: P, strike: 60.00, expiry: "2016-01-15 16:00"}}], customProperties: {}}, account {accountId: Nike account 1, strategyGroupName: core, positions: [Posotion: {symbol:NKE1  160115C00055000, description: "", qty:7, optionConfig:optionConfig: {optionRoot: NKE1, optionType: C, strike: 55.00, expiry: "2016-01-15 16:00"}}, Posotion: {symbol:NKE1  160115C00060000, description: "", qty:-3, optionConfig:optionConfig: {optionRoot: NKE1, optionType: C, strike: 60.00, expiry: "2016-01-15 16:00"}}], customProperties: {}}], optionRoots:{MSFT=OptionRoot: {optionRootSymbol:MSFT, exerciseStyle:A, underlyerType:S, deliverables:[Deliverable: {symbol:MSFT, qty:100, deliverableType:S}]}, CSCO=OptionRoot: {optionRootSymbol:CSCO, exerciseStyle:A, underlyerType:S, deliverables:[Deliverable: {symbol:CSCO, qty:100, deliverableType:S}]}, NKE1=OptionRoot: {optionRootSymbol:NKE1, exerciseStyle:A, underlyerType:S, deliverables:[Deliverable: {symbol:NKE, qty:100, deliverableType:S}, Deliverable: {symbol:LULU, qty:45, deliverableType:S}]}, BP=OptionRoot: {optionRootSymbol:BP, exerciseStyle:A, underlyerType:S, deliverables:[Deliverable: {symbol:BP, qty:100, deliverableType:S}]}}}

Strateiges for account 'account1234'
Option root 'MSFT'
Strategy: {strategyName: CallVerticalLong, quantity: 6, margin: 0, legs: [optionLeg: {symbol: "MSFT  160115C00047500", description: "", qty: 6, optionConfig: {optionRoot: MSFT, optionType: C, strike: 47.50, expiry: "2016-01-15 16:00"}}, optionLeg: {symbol: "MSFT  160115C00050000", description: "", qty: -6, optionConfig: {optionRoot: MSFT, optionType: C, strike: 50.00, expiry: "2016-01-15 16:00"}}]}
Strategy: {strategyName: PutVerticalLong, quantity: 4, margin: 0, legs: [optionLeg: {symbol: "MSFT  160115P00080000", description: "", qty: -4, optionConfig: {optionRoot: MSFT, optionType: P, strike: 80.00, expiry: "2016-01-15 16:00"}}, optionLeg: {symbol: "MSFT  160115P00082000", description: "", qty: 4, optionConfig: {optionRoot: MSFT, optionType: P, strike: 82.00, expiry: "2016-01-15 16:00"}}]}
Strategy: {strategyName: CallVerticalShort, quantity: 2, margin: 1000.0000, legs: [optionLeg: {symbol: "MSFT  160115C00050000", description: "", qty: -2, optionConfig: {optionRoot: MSFT, optionType: C, strike: 50.00, expiry: "2016-01-15 16:00"}}, optionLeg: {symbol: "MSFT  160115C00055000", description: "", qty: 2, optionConfig: {optionRoot: MSFT, optionType: C, strike: 55.00, expiry: "2016-01-15 16:00"}}]}
Option root 'CSCO'
Strategy: {strategyName: CallButterflyShort, quantity: 1, margin: 750.0000, legs: [optionLeg: {symbol: "CSCO  160115C00060000", description: "CSCO Jan-16 60 Call", qty: -1, optionConfig: {optionRoot: CSCO, optionType: C, strike: 60.00, expiry: "2016-01-15 16:00"}}, optionLeg: {symbol: "CSCO  160115C00067500", description: "CSCO Jan-16 67.50 Call", qty: 2, optionConfig: {optionRoot: CSCO, optionType: C, strike: 67.50, expiry: "2016-01-15 16:00"}}, optionLeg: {symbol: "CSCO  160115C00075000", description: "CSCO Jan-16 75.00 Call", qty: -1, optionConfig: {optionRoot: CSCO, optionType: C, strike: 75.00, expiry: "2016-01-15 16:00"}}]}
Strategy: {strategyName: CallVerticalShort, quantity: 1, margin: 750.0000, legs: [optionLeg: {symbol: "CSCO  160115C00060000", description: "CSCO Jan-16 60 Call", qty: -1, optionConfig: {optionRoot: CSCO, optionType: C, strike: 60.00, expiry: "2016-01-15 16:00"}}, optionLeg: {symbol: "CSCO  160115C00067500", description: "CSCO Jan-16 67.50 Call", qty: 1, optionConfig: {optionRoot: CSCO, optionType: C, strike: 67.50, expiry: "2016-01-15 16:00"}}]}
Strategy: {strategyName: PutVerticalShort, quantity: 3, margin: 1500.0000, legs: [optionLeg: {symbol: "CSCO  160115C00030000", description: "CSCO Jan-16 30.00 Put", qty: 3, optionConfig: {optionRoot: CSCO, optionType: P, strike: 30.00, expiry: "2016-01-15 16:00"}}, optionLeg: {symbol: "CSCO  160115C00035000", description: "CSCO Jan-16 35.00 Put", qty: -3, optionConfig: {optionRoot: CSCO, optionType: P, strike: 35.00, expiry: "2016-01-15 16:00"}}]}
Option root 'BP'
Strategy: {strategyName: CallButterflyLong, quantity: 6, margin: 0, legs: [optionLeg: {symbol: "BP    160115C00045000", description: "", qty: 6, optionConfig: {optionRoot: BP, optionType: C, strike: 45.00, expiry: "2016-01-15 16:00"}}, optionLeg: {symbol: "BP    160115C00050000", description: "", qty: -12, optionConfig: {optionRoot: BP, optionType: C, strike: 50.00, expiry: "2016-01-15 16:00"}}, optionLeg: {symbol: "BP    160115C00055000", description: "", qty: 6, optionConfig: {optionRoot: BP, optionType: C, strike: 55.00, expiry: "2016-01-15 16:00"}}]}
Strategy: {strategyName: CallButterflyShort, quantity: 4, margin: 2000.0000, legs: [optionLeg: {symbol: "BP    160115C00050000", description: "", qty: -4, optionConfig: {optionRoot: BP, optionType: C, strike: 50.00, expiry: "2016-01-15 16:00"}}, optionLeg: {symbol: "BP    160115C00055000", description: "", qty: 8, optionConfig: {optionRoot: BP, optionType: C, strike: 55.00, expiry: "2016-01-15 16:00"}}, optionLeg: {symbol: "BP    160115C00060000", description: "", qty: -4, optionConfig: {optionRoot: BP, optionType: C, strike: 60.00, expiry: "2016-01-15 16:00"}}]}
Strategy: {strategyName: PutButterflyLong, quantity: 6, margin: 0, legs: [optionLeg: {symbol: "BP    160115P00045000", description: "", qty: 6, optionConfig: {optionRoot: BP, optionType: P, strike: 45.00, expiry: "2016-01-15 16:00"}}, optionLeg: {symbol: "BP    160115P00050000", description: "", qty: -12, optionConfig: {optionRoot: BP, optionType: P, strike: 50.00, expiry: "2016-01-15 16:00"}}, optionLeg: {symbol: "BP    160115P00055000", description: "", qty: 6, optionConfig: {optionRoot: BP, optionType: P, strike: 55.00, expiry: "2016-01-15 16:00"}}]}
Strategy: {strategyName: PutButterflyShort, quantity: 4, margin: 2000.0000, legs: [optionLeg: {symbol: "BP    160115P00050000", description: "", qty: -4, optionConfig: {optionRoot: BP, optionType: P, strike: 50.00, expiry: "2016-01-15 16:00"}}, optionLeg: {symbol: "BP    160115P00055000", description: "", qty: 8, optionConfig: {optionRoot: BP, optionType: P, strike: 55.00, expiry: "2016-01-15 16:00"}}, optionLeg: {symbol: "BP    160115P00060000", description: "", qty: -4, optionConfig: {optionRoot: BP, optionType: P, strike: 60.00, expiry: "2016-01-15 16:00"}}]}
Strateiges for account 'Nike account 1'
Option root 'NKE1'
Strategy: {strategyName: CallVerticalLong, quantity: 3, margin: 0, legs: [optionLeg: {symbol: "NKE1  160115C00055000", description: "", qty: 3, optionConfig: {optionRoot: NKE1, optionType: C, strike: 55.00, expiry: "2016-01-15 16:00"}}, optionLeg: {symbol: "NKE1  160115C00060000", description: "", qty: -3, optionConfig: {optionRoot: NKE1, optionType: C, strike: 60.00, expiry: "2016-01-15 16:00"}}]}
Input for PairingRequest: {accounts:[account {accountId: account1234, strategyGroupName: core, positions: [Posotion: {symbol:MSFT  160115C00047500, description: "", qty:6, optionConfig:optionConfig: {optionRoot: MSFT, optionType: C, strike: 47.50, expiry: "2016-01-15 16:00"}}, Posotion: {symbol:MSFT  160115C00050000, description: "", qty:-8, optionConfig:optionConfig: {optionRoot: MSFT, optionType: C, strike: 50.00, expiry: "2016-02-19 16:00"}}, Posotion: {symbol:MSFT  160115C00055000, description: "", qty:5, optionConfig:optionConfig: {optionRoot: MSFT, optionType: C, strike: 55.00, expiry: "2016-02-19 16:00"}}], customProperties: {}}], optionRoots:{MSFT=OptionRoot: {optionRootSymbol:MSFT, exerciseStyle:A, underlyerType:S, deliverables:[Deliverable: {symbol:MSFT, qty:100, deliverableType:S}]}}}

Strateiges for account 'account1234'
Option root 'MSFT'
Strategy: {strategyName: CallVerticalShort, quantity: 5, margin: 2500.0000, legs: [optionLeg: {symbol: "MSFT  160115C00050000", description: "", qty: -5, optionConfig: {optionRoot: MSFT, optionType: C, strike: 50.00, expiry: "2016-02-19 16:00"}}, optionLeg: {symbol: "MSFT  160115C00055000", description: "", qty: 5, optionConfig: {optionRoot: MSFT, optionType: C, strike: 55.00, expiry: "2016-02-19 16:00"}}]}
]]></system-out>
  <system-err><![CDATA[]]></system-err>
</testsuite>
