<?xml version="1.0" encoding="UTF-8"?>
<testsuite name="PairingRequestBuilderTest" tests="1" skipped="0" failures="0" errors="0" timestamp="2016-09-15T01:06:59" hostname="Mereckis-iMac.local" time="0.08">
  <properties/>
  <testcase name="build1" classname="PairingRequestBuilderTest" time="0.08"/>
  <system-out><![CDATA[PairingRequest: {accounts:[account {accountId: account1234, strategyGroupName: core, positions: [Posotion: {symbol:MSFT  160115C00047500, description: "", qty:6, price:13.06, optionConfig:optionConfig: {optionRoot: MSFT, optionType: C, strike: 47.50, expiry: "2016-01-15 16:00"}}, Posotion: {symbol:MSFT  160115C00050000, description: "", qty:-8, price:10.40, optionConfig:optionConfig: {optionRoot: MSFT, optionType: C, strike: 50.00, expiry: "2016-01-15 16:00"}}, Posotion: {symbol:MSFT  160115C00055000, description: "", qty:5, price:5.01, optionConfig:optionConfig: {optionRoot: MSFT, optionType: C, strike: 55.00, expiry: "2016-01-15 16:00"}}, Posotion: {symbol:MSFT  160115P00080000, description: "", qty:-4, price:28.70, optionConfig:optionConfig: {optionRoot: MSFT, optionType: P, strike: 80.00, expiry: "2016-01-15 16:00"}}, Posotion: {symbol:MSFT  160115P00082000, description: "", qty:5, price:30.19, optionConfig:optionConfig: {optionRoot: MSFT, optionType: P, strike: 82.00, expiry: "2016-01-15 16:00"}}, Posotion: {symbol:CSCO  160115C00060000, description: "CSCO Jan-16 60 Call", qty:-2, price:25.04, optionConfig:optionConfig: {optionRoot: CSCO, optionType: C, strike: 60.00, expiry: "2016-01-15 16:00"}}, Posotion: {symbol:CSCO  160115C00067500, description: "CSCO Jan-16 67.50 Call", qty:6, price:17.50, optionConfig:optionConfig: {optionRoot: CSCO, optionType: C, strike: 67.50, expiry: "2016-01-15 16:00"}}, Posotion: {symbol:CSCO  160115C00075000, description: "CSCO Jan-16 75.00 Call", qty:-1, price:9.30, optionConfig:optionConfig: {optionRoot: CSCO, optionType: C, strike: 75.00, expiry: "2016-01-15 16:00"}}, Posotion: {symbol:CSCO  160115C00030000, description: "CSCO Jan-16 30.00 Put", qty:3, price:0.05, optionConfig:optionConfig: {optionRoot: CSCO, optionType: P, strike: 30.00, expiry: "2016-01-15 16:00"}}, Posotion: {symbol:CSCO  160115C00035000, description: "CSCO Jan-16 35.00 Put", qty:-5, price:0.07, optionConfig:optionConfig: {optionRoot: CSCO, optionType: P, strike: 35.00, expiry: "2016-01-15 16:00"}}, Posotion: {symbol:BP    160115C00075000, description: "", qty:6, price:59.20, optionConfig:optionConfig: {optionRoot: BP, optionType: C, strike: 75.00, expiry: "2016-01-15 16:00"}}, Posotion: {symbol:BP    160115C00080000, description: "", qty:-16, price:54.67, optionConfig:optionConfig: {optionRoot: BP, optionType: C, strike: 80.00, expiry: "2016-01-15 16:00"}}, Posotion: {symbol:BP    160115C00085000, description: "", qty:17, price:49.21, optionConfig:optionConfig: {optionRoot: BP, optionType: C, strike: 85.00, expiry: "2016-01-15 16:00"}}, Posotion: {symbol:BP    160115C00090000, description: "", qty:-4, price:44.30, optionConfig:optionConfig: {optionRoot: BP, optionType: C, strike: 90.00, expiry: "2016-01-15 16:00"}}, Posotion: {symbol:BP    160115P00045000, description: "", qty:6, price:0.04, optionConfig:optionConfig: {optionRoot: BP, optionType: P, strike: 45.00, expiry: "2016-01-15 16:00"}}, Posotion: {symbol:BP    160115P00050000, description: "", qty:-16, price:0.70, optionConfig:optionConfig: {optionRoot: BP, optionType: P, strike: 50.00, expiry: "2016-01-15 16:00"}}, Posotion: {symbol:BP    160115P00055000, description: "", qty:17, price:1.30, optionConfig:optionConfig: {optionRoot: BP, optionType: P, strike: 55.00, expiry: "2016-01-15 16:00"}}, Posotion: {symbol:BP    160115P00060000, description: "", qty:-4, price:1.75, optionConfig:optionConfig: {optionRoot: BP, optionType: P, strike: 60.00, expiry: "2016-01-15 16:00"}}], customProperties: {}}, account {accountId: Nike account 1, strategyGroupName: core, positions: [Posotion: {symbol:NKE1  160115C00055000, description: "", qty:7, price:74.09, optionConfig:optionConfig: {optionRoot: NKE1, optionType: C, strike: 55.00, expiry: "2016-01-15 16:00"}}, Posotion: {symbol:NKE1  160115C00060000, description: "", qty:-3, price:60.22, optionConfig:optionConfig: {optionRoot: NKE1, optionType: C, strike: 60.00, expiry: "2016-01-15 16:00"}}], customProperties: {}}], optionRoots:{MSFT=OptionRoot: {optionRootSymbol:MSFT, exerciseStyle:A, underlyerType:S, deliverables:[Deliverable: {symbol:MSFT, qty:100, price:60.40, deliverableType:S}]}, CSCO=OptionRoot: {optionRootSymbol:CSCO, exerciseStyle:A, underlyerType:S, deliverables:[Deliverable: {symbol:CSCO, qty:100, price:84.30, deliverableType:S}]}, NKE1=OptionRoot: {optionRootSymbol:NKE1, exerciseStyle:A, underlyerType:S, deliverables:[Deliverable: {symbol:NKE, qty:100, price:65.20, deliverableType:S}, Deliverable: {symbol:LULU, qty:45, price:40.93, deliverableType:S}]}, BP=OptionRoot: {optionRootSymbol:BP, exerciseStyle:A, underlyerType:S, deliverables:[Deliverable: {symbol:BP, qty:100, price:134.03, deliverableType:S}]}}}
]]></system-out>
  <system-err><![CDATA[]]></system-err>
</testsuite>
