<?xml version="1.0" encoding="UTF-8"?>
<testsuite name="PairingRequestBuilderTest" tests="1" skipped="0" failures="0" errors="0" timestamp="2016-09-01T03:40:55" hostname="Mereckis-iMac.local" time="0.081">
  <properties/>
  <testcase name="build1" classname="PairingRequestBuilderTest" time="0.081"/>
  <system-out><![CDATA[PairingRequest: {accounts:[account {accountId: account1234, strategyGroupName: core, positions: [Posotion: {symbol:MSFT  160115C00047500, description: "", qty:6, optionConfig:optionConfig: {optionRoot: MSFT, optionType: C, strike: 47.50, expiry: "2016-01-15 16:00"}}, Posotion: {symbol:MSFT  160115C00050000, description: "", qty:-8, optionConfig:optionConfig: {optionRoot: MSFT, optionType: C, strike: 50.00, expiry: "2016-01-15 16:00"}}, Posotion: {symbol:MSFT  160115C00055000, description: "", qty:5, optionConfig:optionConfig: {optionRoot: MSFT, optionType: C, strike: 55.00, expiry: "2016-01-15 16:00"}}, Posotion: {symbol:MSFT  160115P00080000, description: "", qty:-4, optionConfig:optionConfig: {optionRoot: MSFT, optionType: P, strike: 80.00, expiry: "2016-01-15 16:00"}}, Posotion: {symbol:MSFT  160115P00082000, description: "", qty:5, optionConfig:optionConfig: {optionRoot: MSFT, optionType: P, strike: 82.00, expiry: "2016-01-15 16:00"}}, Posotion: {symbol:CSCO  160115C00060000, description: "CSCO Jan-16 60 Call", qty:-2, optionConfig:optionConfig: {optionRoot: CSCO, optionType: C, strike: 60.00, expiry: "2016-01-15 16:00"}}, Posotion: {symbol:CSCO  160115C00067500, description: "CSCO Jan-16 67.50 Call", qty:6, optionConfig:optionConfig: {optionRoot: CSCO, optionType: C, strike: 67.50, expiry: "2016-01-15 16:00"}}, Posotion: {symbol:CSCO  160115C00075000, description: "CSCO Jan-16 75.00 Call", qty:-1, optionConfig:optionConfig: {optionRoot: CSCO, optionType: C, strike: 75.00, expiry: "2016-01-15 16:00"}}, Posotion: {symbol:CSCO  160115C00030000, description: "CSCO Jan-16 30.00 Put", qty:3, optionConfig:optionConfig: {optionRoot: CSCO, optionType: P, strike: 30.00, expiry: "2016-01-15 16:00"}}, Posotion: {symbol:CSCO  160115C00035000, description: "CSCO Jan-16 35.00 Put", qty:-5, optionConfig:optionConfig: {optionRoot: CSCO, optionType: P, strike: 35.00, expiry: "2016-01-15 16:00"}}], customProperties: {}}, account {accountId: Nike account 1, strategyGroupName: core, positions: [Posotion: {symbol:NKE1  160115C00055000, description: "CSCO Jan-16 35.00 Put", qty:7, optionConfig:optionConfig: {optionRoot: NKE1, optionType: C, strike: 55.00, expiry: "2016-01-15 16:00"}}, Posotion: {symbol:NKE1  160115C00060000, description: "CSCO Jan-16 35.00 Put", qty:-3, optionConfig:optionConfig: {optionRoot: NKE1, optionType: C, strike: 60.00, expiry: "2016-01-15 16:00"}}], customProperties: {}}], optionRoots:{MSFT=OptionRoot: {optionRootSymbol:MSFT, exerciseStyle:A, underlyerType:S, deliverables:[Deliverable: {symbol:MSFT, qty:100, deliverableType:S}]}, CSCO=OptionRoot: {optionRootSymbol:CSCO, exerciseStyle:A, underlyerType:S, deliverables:[Deliverable: {symbol:CSCO, qty:100, deliverableType:S}]}, NKE1=OptionRoot: {optionRootSymbol:NKE1, exerciseStyle:A, underlyerType:S, deliverables:[Deliverable: {symbol:NKE, qty:100, deliverableType:S}, Deliverable: {symbol:LULU, qty:45, deliverableType:S}]}}}
]]></system-out>
  <system-err><![CDATA[]]></system-err>
</testsuite>
