<?xml version="1.0" encoding="UTF-8"?>
<testsuite name="PairingRequestTest" tests="5" skipped="0" failures="0" errors="0" timestamp="2016-10-12T02:53:23" hostname="Mereckis-iMac.local" time="0.261">
  <properties/>
  <testcase name="buildAndPair1" classname="PairingRequestTest" time="0.231"/>
  <testcase name="buildAndPair2" classname="PairingRequestTest" time="0.003"/>
  <testcase name="buildAndPair3" classname="PairingRequestTest" time="0.009"/>
  <testcase name="buildAndPair4" classname="PairingRequestTest" time="0.007"/>
  <testcase name="buildAndPair5" classname="PairingRequestTest" time="0.01"/>
  <system-out><![CDATA[Input for PairingRequest
OptionRoot: {optionRootSymbol:MSFT, exerciseStyle:A, underlyerType:S, deliverables:[Deliverable: {symbol:MSFT, qty:100, price:60.40, deliverableType:S}]}OptionRoot: {optionRootSymbol:CSCO, exerciseStyle:A, underlyerType:S, deliverables:[Deliverable: {symbol:CSCO, qty:100, price:84.30, deliverableType:S}]}OptionRoot: {optionRootSymbol:NKE1, exerciseStyle:A, underlyerType:S, deliverables:[Deliverable: {symbol:NKE, qty:100, price:65.20, deliverableType:S}, Deliverable: {symbol:LULU, qty:45, price:40.93, deliverableType:S}]}OptionRoot: {optionRootSymbol:BP, exerciseStyle:A, underlyerType:S, deliverables:[Deliverable: {symbol:BP, qty:100, price:134.03, deliverableType:S}]}
Account: account1234
Positions:
Position: {symbol:MSFT  160115C00047500, qty: 6, price: 13.06, optionConfig: {optionRoot: MSFT, optionType: C, strike: 47.50, expiry: "2016-01-15 16:00"}}
Position: {symbol:MSFT  160115C00050000, qty: -8, price: 10.40, optionConfig: {optionRoot: MSFT, optionType: C, strike: 50.00, expiry: "2016-01-15 16:00"}}
Position: {symbol:MSFT  160115C00055000, qty: 5, price: 5.01, optionConfig: {optionRoot: MSFT, optionType: C, strike: 55.00, expiry: "2016-01-15 16:00"}}
Position: {symbol:MSFT  160115P00080000, qty: -4, price: 28.70, optionConfig: {optionRoot: MSFT, optionType: P, strike: 80.00, expiry: "2016-01-15 16:00"}}
Position: {symbol:MSFT  160115P00082000, qty: 5, price: 30.19, optionConfig: {optionRoot: MSFT, optionType: P, strike: 82.00, expiry: "2016-01-15 16:00"}}
Position: {symbol:CSCO  160115C00060000, description: "CSCO Jan-16 60 Call", qty: -2, price: 25.04, optionConfig: {optionRoot: CSCO, optionType: C, strike: 60.00, expiry: "2016-01-15 16:00"}}
Position: {symbol:CSCO  160115C00067500, description: "CSCO Jan-16 67.50 Call", qty: 6, price: 17.50, optionConfig: {optionRoot: CSCO, optionType: C, strike: 67.50, expiry: "2016-01-15 16:00"}}
Position: {symbol:CSCO  160115C00075000, description: "CSCO Jan-16 75.00 Call", qty: -1, price: 9.30, optionConfig: {optionRoot: CSCO, optionType: C, strike: 75.00, expiry: "2016-01-15 16:00"}}
Position: {symbol:CSCO  160115C00030000, description: "CSCO Jan-16 30.00 Put", qty: 3, price: 0.05, optionConfig: {optionRoot: CSCO, optionType: P, strike: 30.00, expiry: "2016-01-15 16:00"}}
Position: {symbol:CSCO  160115C00035000, description: "CSCO Jan-16 35.00 Put", qty: -5, price: 0.07, optionConfig: {optionRoot: CSCO, optionType: P, strike: 35.00, expiry: "2016-01-15 16:00"}}
Position: {symbol:BP    160115C00075000, qty: 6, price: 59.20, optionConfig: {optionRoot: BP, optionType: C, strike: 75.00, expiry: "2016-01-15 16:00"}}
Position: {symbol:BP    160115C00080000, qty: -16, price: 54.67, optionConfig: {optionRoot: BP, optionType: C, strike: 80.00, expiry: "2016-01-15 16:00"}}
Position: {symbol:BP    160115C00085000, qty: 17, price: 49.21, optionConfig: {optionRoot: BP, optionType: C, strike: 85.00, expiry: "2016-01-15 16:00"}}
Position: {symbol:BP    160115C00090000, qty: -4, price: 44.30, optionConfig: {optionRoot: BP, optionType: C, strike: 90.00, expiry: "2016-01-15 16:00"}}
Position: {symbol:BP    160115P00045000, qty: 6, price: 0.04, optionConfig: {optionRoot: BP, optionType: P, strike: 45.00, expiry: "2016-01-15 16:00"}}
Position: {symbol:BP    160115P00050000, qty: -16, price: 0.70, optionConfig: {optionRoot: BP, optionType: P, strike: 50.00, expiry: "2016-01-15 16:00"}}
Position: {symbol:BP    160115P00055000, qty: 17, price: 1.30, optionConfig: {optionRoot: BP, optionType: P, strike: 55.00, expiry: "2016-01-15 16:00"}}
Position: {symbol:BP    160115P00060000, qty: -4, price: 1.75, optionConfig: {optionRoot: BP, optionType: P, strike: 60.00, expiry: "2016-01-15 16:00"}}
Account: Nike account 1
Positions:
Position: {symbol:NKE1  160115C00055000, qty: 7, price: 74.09, optionConfig: {optionRoot: NKE1, optionType: C, strike: 55.00, expiry: "2016-01-15 16:00"}}
Position: {symbol:NKE1  160115C00060000, qty: -3, price: 60.22, optionConfig: {optionRoot: NKE1, optionType: C, strike: 60.00, expiry: "2016-01-15 16:00"}}

Strategies for account 'account1234'
Option root 'MSFT'
Strategy: {strategyName: CallVerticalLong, quantity: 6, margin: 0, legs: [optionLeg: {symbol: "MSFT  160115C00047500", qty: 6, price: 13.06, optionConfig: {optionRoot: MSFT, optionType: C, strike: 47.50, expiry: "2016-01-15 16:00"}}, optionLeg: {symbol: "MSFT  160115C00050000", qty: -6, price: 10.40, optionConfig: {optionRoot: MSFT, optionType: C, strike: 50.00, expiry: "2016-01-15 16:00"}}]}
Strategy: {strategyName: PutVerticalLong, quantity: 4, margin: 0, legs: [optionLeg: {symbol: "MSFT  160115P00080000", qty: -4, price: 28.70, optionConfig: {optionRoot: MSFT, optionType: P, strike: 80.00, expiry: "2016-01-15 16:00"}}, optionLeg: {symbol: "MSFT  160115P00082000", qty: 4, price: 30.19, optionConfig: {optionRoot: MSFT, optionType: P, strike: 82.00, expiry: "2016-01-15 16:00"}}]}
Strategy: {strategyName: CallVerticalShort, quantity: 2, margin: 1000.0000, legs: [optionLeg: {symbol: "MSFT  160115C00050000", qty: -2, price: 10.40, optionConfig: {optionRoot: MSFT, optionType: C, strike: 50.00, expiry: "2016-01-15 16:00"}}, optionLeg: {symbol: "MSFT  160115C00055000", qty: 2, price: 5.01, optionConfig: {optionRoot: MSFT, optionType: C, strike: 55.00, expiry: "2016-01-15 16:00"}}]}
Strategy: {strategyName: CallUnpairedLong, quantity: 3, margin: 0, legs: [optionLeg: {symbol: "MSFT  160115C00055000", qty: 3, price: 5.01, optionConfig: {optionRoot: MSFT, optionType: C, strike: 55.00, expiry: "2016-01-15 16:00"}}]}
Strategy: {strategyName: PutUnpairedLong, quantity: 1, margin: 0, legs: [optionLeg: {symbol: "MSFT  160115P00082000", qty: 1, price: 30.19, optionConfig: {optionRoot: MSFT, optionType: P, strike: 82.00, expiry: "2016-01-15 16:00"}}]}
Option root 'CSCO'
Strategy: {strategyName: CallButterflyShort, quantity: 1, margin: 750.0000, legs: [optionLeg: {symbol: "CSCO  160115C00060000", description: "CSCO Jan-16 60 Call", qty: -1, price: 25.04, optionConfig: {optionRoot: CSCO, optionType: C, strike: 60.00, expiry: "2016-01-15 16:00"}}, optionLeg: {symbol: "CSCO  160115C00067500", description: "CSCO Jan-16 67.50 Call", qty: 2, price: 17.50, optionConfig: {optionRoot: CSCO, optionType: C, strike: 67.50, expiry: "2016-01-15 16:00"}}, optionLeg: {symbol: "CSCO  160115C00075000", description: "CSCO Jan-16 75.00 Call", qty: -1, price: 9.30, optionConfig: {optionRoot: CSCO, optionType: C, strike: 75.00, expiry: "2016-01-15 16:00"}}]}
Strategy: {strategyName: CallVerticalShort, quantity: 1, margin: 750.0000, legs: [optionLeg: {symbol: "CSCO  160115C00060000", description: "CSCO Jan-16 60 Call", qty: -1, price: 25.04, optionConfig: {optionRoot: CSCO, optionType: C, strike: 60.00, expiry: "2016-01-15 16:00"}}, optionLeg: {symbol: "CSCO  160115C00067500", description: "CSCO Jan-16 67.50 Call", qty: 1, price: 17.50, optionConfig: {optionRoot: CSCO, optionType: C, strike: 67.50, expiry: "2016-01-15 16:00"}}]}
Strategy: {strategyName: PutVerticalShort, quantity: 3, margin: 1500.0000, legs: [optionLeg: {symbol: "CSCO  160115C00030000", description: "CSCO Jan-16 30.00 Put", qty: 3, price: 0.05, optionConfig: {optionRoot: CSCO, optionType: P, strike: 30.00, expiry: "2016-01-15 16:00"}}, optionLeg: {symbol: "CSCO  160115C00035000", description: "CSCO Jan-16 35.00 Put", qty: -3, price: 0.07, optionConfig: {optionRoot: CSCO, optionType: P, strike: 35.00, expiry: "2016-01-15 16:00"}}]}
Strategy: {strategyName: PutUnpairedShort, quantity: 2, margin: 364.00000, marginDebug: {"((8430.00 * 0.2 + -4930.000) * 2) + 14.0000, (35.00 * 100.00 * 0.1) + 14.0000"}, legs: [optionLeg: {symbol: "CSCO  160115C00035000", description: "CSCO Jan-16 35.00 Put", qty: -2, price: 0.07, optionConfig: {optionRoot: CSCO, optionType: P, strike: 35.00, expiry: "2016-01-15 16:00"}}]}
Strategy: {strategyName: CallUnpairedLong, quantity: 3, margin: 0, legs: [optionLeg: {symbol: "CSCO  160115C00067500", description: "CSCO Jan-16 67.50 Call", qty: 3, price: 17.50, optionConfig: {optionRoot: CSCO, optionType: C, strike: 67.50, expiry: "2016-01-15 16:00"}}]}
Option root 'BP'
Strategy: {strategyName: CallButterflyLong, quantity: 6, margin: 0, legs: [optionLeg: {symbol: "BP    160115C00075000", qty: 6, price: 59.20, optionConfig: {optionRoot: BP, optionType: C, strike: 75.00, expiry: "2016-01-15 16:00"}}, optionLeg: {symbol: "BP    160115C00080000", qty: -12, price: 54.67, optionConfig: {optionRoot: BP, optionType: C, strike: 80.00, expiry: "2016-01-15 16:00"}}, optionLeg: {symbol: "BP    160115C00085000", qty: 6, price: 49.21, optionConfig: {optionRoot: BP, optionType: C, strike: 85.00, expiry: "2016-01-15 16:00"}}]}
Strategy: {strategyName: PutButterflyLong, quantity: 6, margin: 0, legs: [optionLeg: {symbol: "BP    160115P00045000", qty: 6, price: 0.04, optionConfig: {optionRoot: BP, optionType: P, strike: 45.00, expiry: "2016-01-15 16:00"}}, optionLeg: {symbol: "BP    160115P00050000", qty: -12, price: 0.70, optionConfig: {optionRoot: BP, optionType: P, strike: 50.00, expiry: "2016-01-15 16:00"}}, optionLeg: {symbol: "BP    160115P00055000", qty: 6, price: 1.30, optionConfig: {optionRoot: BP, optionType: P, strike: 55.00, expiry: "2016-01-15 16:00"}}]}
Strategy: {strategyName: CallButterflyShort, quantity: 4, margin: 2000.0000, legs: [optionLeg: {symbol: "BP    160115C00080000", qty: -4, price: 54.67, optionConfig: {optionRoot: BP, optionType: C, strike: 80.00, expiry: "2016-01-15 16:00"}}, optionLeg: {symbol: "BP    160115C00085000", qty: 8, price: 49.21, optionConfig: {optionRoot: BP, optionType: C, strike: 85.00, expiry: "2016-01-15 16:00"}}, optionLeg: {symbol: "BP    160115C00090000", qty: -4, price: 44.30, optionConfig: {optionRoot: BP, optionType: C, strike: 90.00, expiry: "2016-01-15 16:00"}}]}
Strategy: {strategyName: PutButterflyShort, quantity: 4, margin: 2000.0000, legs: [optionLeg: {symbol: "BP    160115P00050000", qty: -4, price: 0.70, optionConfig: {optionRoot: BP, optionType: P, strike: 50.00, expiry: "2016-01-15 16:00"}}, optionLeg: {symbol: "BP    160115P00055000", qty: 8, price: 1.30, optionConfig: {optionRoot: BP, optionType: P, strike: 55.00, expiry: "2016-01-15 16:00"}}, optionLeg: {symbol: "BP    160115P00060000", qty: -4, price: 1.75, optionConfig: {optionRoot: BP, optionType: P, strike: 60.00, expiry: "2016-01-15 16:00"}}]}
Strategy: {strategyName: CallUnpairedLong, quantity: 3, margin: 0, legs: [optionLeg: {symbol: "BP    160115C00085000", qty: 3, price: 49.21, optionConfig: {optionRoot: BP, optionType: C, strike: 85.00, expiry: "2016-01-15 16:00"}}]}
Strategy: {strategyName: PutUnpairedLong, quantity: 3, margin: 0, legs: [optionLeg: {symbol: "BP    160115P00055000", qty: 3, price: 1.30, optionConfig: {optionRoot: BP, optionType: P, strike: 55.00, expiry: "2016-01-15 16:00"}}]}
Strategies for account 'Nike account 1'
Option root 'NKE1'
Strategy: {strategyName: CallVerticalLong, quantity: 3, margin: 0, legs: [optionLeg: {symbol: "NKE1  160115C00055000", qty: 3, price: 74.09, optionConfig: {optionRoot: NKE1, optionType: C, strike: 55.00, expiry: "2016-01-15 16:00"}}, optionLeg: {symbol: "NKE1  160115C00060000", qty: -3, price: 60.22, optionConfig: {optionRoot: NKE1, optionType: C, strike: 60.00, expiry: "2016-01-15 16:00"}}]}
Strategy: {strategyName: CallUnpairedLong, quantity: 4, margin: 0, legs: [optionLeg: {symbol: "NKE1  160115C00055000", qty: 4, price: 74.09, optionConfig: {optionRoot: NKE1, optionType: C, strike: 55.00, expiry: "2016-01-15 16:00"}}]}

Input for PairingRequest
OptionRoot: {optionRootSymbol:MSFT, exerciseStyle:A, underlyerType:S, deliverables:[Deliverable: {symbol:MSFT, qty:100, price:60.40, deliverableType:S}]}
Account: account1234
Positions:
Position: {symbol:MSFT  160115C00047500, qty: 6, price: 12.68, optionConfig: {optionRoot: MSFT, optionType: C, strike: 47.50, expiry: "2016-01-15 16:00"}}
Position: {symbol:MSFT  160115C00050000, qty: -8, price: 9.89, optionConfig: {optionRoot: MSFT, optionType: C, strike: 50.00, expiry: "2016-02-19 16:00"}}
Position: {symbol:MSFT  160115C00055000, qty: 5, price: 5.89, optionConfig: {optionRoot: MSFT, optionType: C, strike: 55.00, expiry: "2016-02-19 16:00"}}

Strategies for account 'account1234'
Option root 'MSFT'
Strategy: {strategyName: CallVerticalShort, quantity: 5, margin: 2500.0000, legs: [optionLeg: {symbol: "MSFT  160115C00050000", qty: -5, price: 9.89, optionConfig: {optionRoot: MSFT, optionType: C, strike: 50.00, expiry: "2016-02-19 16:00"}}, optionLeg: {symbol: "MSFT  160115C00055000", qty: 5, price: 5.89, optionConfig: {optionRoot: MSFT, optionType: C, strike: 55.00, expiry: "2016-02-19 16:00"}}]}
Strategy: {strategyName: CallUnpairedShort, quantity: 3, margin: 6591.0000, marginDebug: {"((6040.00 * 0.2 + 0) * 3) + 2967.0000, (6040.00 * 3 * 0.1) + 2967.0000"}, legs: [optionLeg: {symbol: "MSFT  160115C00050000", qty: -3, price: 9.89, optionConfig: {optionRoot: MSFT, optionType: C, strike: 50.00, expiry: "2016-02-19 16:00"}}]}
Strategy: {strategyName: CallUnpairedLong, quantity: 6, margin: 0, legs: [optionLeg: {symbol: "MSFT  160115C00047500", qty: 6, price: 12.68, optionConfig: {optionRoot: MSFT, optionType: C, strike: 47.50, expiry: "2016-01-15 16:00"}}]}

Input for PairingRequest
OptionRoot: {optionRootSymbol:GPRO, exerciseStyle:A, underlyerType:S, deliverables:[Deliverable: {symbol:GPRO, qty:100, price:46.00, deliverableType:S}]}
Account: account3
Positions:
Position: {symbol:GPRO  160115P00045000, qty: 10, price: 1.03, optionConfig: {optionRoot: GPRO, optionType: P, strike: 45.00, expiry: "2016-01-15 16:00"}}
Position: {symbol:GPRO  160115P00050000, qty: -4, price: 4.23, optionConfig: {optionRoot: GPRO, optionType: P, strike: 50.00, expiry: "2016-01-15 16:00"}}
Position: {symbol:GPRO  160115C00040000, qty: 2, price: 6.50, optionConfig: {optionRoot: GPRO, optionType: C, strike: 40.00, expiry: "2016-01-15 16:00"}}
Position: {symbol:GPRO  160115C00050000, qty: -7, price: 3.03, optionConfig: {optionRoot: GPRO, optionType: C, strike: 50.00, expiry: "2016-01-15 16:00"}}
Position: {symbol:GPRO  160115C00055000, qty: 10, price: 2.75, optionConfig: {optionRoot: GPRO, optionType: C, strike: 55.00, expiry: "2016-01-15 16:00"}}
Position: {symbol:GPRO  160115P00030000, qty: 1, price: 0.04, optionConfig: {optionRoot: GPRO, optionType: P, strike: 30.00, expiry: "2016-01-15 16:00"}}
Position: {symbol:GPRO  160115P00040000, qty: -1, price: 0.73, optionConfig: {optionRoot: GPRO, optionType: P, strike: 40.00, expiry: "2016-01-15 16:00"}}
Position: {symbol:GPRO  160115P00055000, qty: 1, price: 9.57, optionConfig: {optionRoot: GPRO, optionType: P, strike: 55.00, expiry: "2016-01-15 16:00"}}
Position: {symbol:GPRO  160115C00070000, qty: -3, price: 0.08, optionConfig: {optionRoot: GPRO, optionType: C, strike: 70.00, expiry: "2016-01-15 16:00"}}

Strategies for account 'account3'
Option root 'GPRO'
Strategy: {strategyName: IronButterflyLong, quantity: 1, margin: 0, legs: [optionLeg: {symbol: "GPRO  160115P00040000", qty: -1, price: 0.73, optionConfig: {optionRoot: GPRO, optionType: P, strike: 40.00, expiry: "2016-01-15 16:00"}}, optionLeg: {symbol: "GPRO  160115P00055000", qty: 1, price: 9.57, optionConfig: {optionRoot: GPRO, optionType: P, strike: 55.00, expiry: "2016-01-15 16:00"}}, optionLeg: {symbol: "GPRO  160115C00055000", qty: 1, price: 2.75, optionConfig: {optionRoot: GPRO, optionType: C, strike: 55.00, expiry: "2016-01-15 16:00"}}, optionLeg: {symbol: "GPRO  160115C00070000", qty: -1, price: 0.08, optionConfig: {optionRoot: GPRO, optionType: C, strike: 70.00, expiry: "2016-01-15 16:00"}}]}
Strategy: {strategyName: IronButterflyShort, quantity: 4, margin: 2000.0000, legs: [optionLeg: {symbol: "GPRO  160115P00045000", qty: 4, price: 1.03, optionConfig: {optionRoot: GPRO, optionType: P, strike: 45.00, expiry: "2016-01-15 16:00"}}, optionLeg: {symbol: "GPRO  160115P00050000", qty: -4, price: 4.23, optionConfig: {optionRoot: GPRO, optionType: P, strike: 50.00, expiry: "2016-01-15 16:00"}}, optionLeg: {symbol: "GPRO  160115C00050000", qty: -4, price: 3.03, optionConfig: {optionRoot: GPRO, optionType: C, strike: 50.00, expiry: "2016-01-15 16:00"}}, optionLeg: {symbol: "GPRO  160115C00055000", qty: 4, price: 2.75, optionConfig: {optionRoot: GPRO, optionType: C, strike: 55.00, expiry: "2016-01-15 16:00"}}]}
Strategy: {strategyName: CallVerticalLong, quantity: 2, margin: 0, legs: [optionLeg: {symbol: "GPRO  160115C00040000", qty: 2, price: 6.50, optionConfig: {optionRoot: GPRO, optionType: C, strike: 40.00, expiry: "2016-01-15 16:00"}}, optionLeg: {symbol: "GPRO  160115C00050000", qty: -2, price: 3.03, optionConfig: {optionRoot: GPRO, optionType: C, strike: 50.00, expiry: "2016-01-15 16:00"}}]}
Strategy: {strategyName: CallVerticalLong, quantity: 2, margin: 0, legs: [optionLeg: {symbol: "GPRO  160115C00055000", qty: 2, price: 2.75, optionConfig: {optionRoot: GPRO, optionType: C, strike: 55.00, expiry: "2016-01-15 16:00"}}, optionLeg: {symbol: "GPRO  160115C00070000", qty: -2, price: 0.08, optionConfig: {optionRoot: GPRO, optionType: C, strike: 70.00, expiry: "2016-01-15 16:00"}}]}
Strategy: {strategyName: CallVerticalShort, quantity: 1, margin: 500.0000, legs: [optionLeg: {symbol: "GPRO  160115C00050000", qty: -1, price: 3.03, optionConfig: {optionRoot: GPRO, optionType: C, strike: 50.00, expiry: "2016-01-15 16:00"}}, optionLeg: {symbol: "GPRO  160115C00055000", qty: 1, price: 2.75, optionConfig: {optionRoot: GPRO, optionType: C, strike: 55.00, expiry: "2016-01-15 16:00"}}]}
Strategy: {strategyName: CallUnpairedLong, quantity: 2, margin: 0, legs: [optionLeg: {symbol: "GPRO  160115C00055000", qty: 2, price: 2.75, optionConfig: {optionRoot: GPRO, optionType: C, strike: 55.00, expiry: "2016-01-15 16:00"}}]}
Strategy: {strategyName: PutUnpairedLong, quantity: 6, margin: 0, legs: [optionLeg: {symbol: "GPRO  160115P00045000", qty: 6, price: 1.03, optionConfig: {optionRoot: GPRO, optionType: P, strike: 45.00, expiry: "2016-01-15 16:00"}}]}
Strategy: {strategyName: PutUnpairedLong, quantity: 1, margin: 0, legs: [optionLeg: {symbol: "GPRO  160115P00030000", qty: 1, price: 0.04, optionConfig: {optionRoot: GPRO, optionType: P, strike: 30.00, expiry: "2016-01-15 16:00"}}]}

Input for PairingRequest
OptionRoot: {optionRootSymbol:GPRO, exerciseStyle:A, underlyerType:S, deliverables:[Deliverable: {symbol:GPRO, qty:100, price:46.00, deliverableType:S}]}
Account: account3
Positions:
Position: {symbol:GPRO  160115P00040000, qty: -10, price: 1.03, optionConfig: {optionRoot: GPRO, optionType: P, strike: 40.00, expiry: "2016-01-15 16:00"}}
Position: {symbol:GPRO  160115P00050000, qty: -10, price: 4.23, optionConfig: {optionRoot: GPRO, optionType: P, strike: 50.00, expiry: "2016-01-15 16:00"}}
Position: {symbol:GPRO  160115P00060000, qty: -10, price: 14.56, optionConfig: {optionRoot: GPRO, optionType: P, strike: 60.00, expiry: "2016-01-15 16:00"}}
Position: {symbol:GPRO  160115C00040000, qty: -10, price: 6.57, optionConfig: {optionRoot: GPRO, optionType: C, strike: 40.00, expiry: "2016-01-15 16:00"}}
Position: {symbol:GPRO  160115C00050000, qty: -10, price: 2.41, optionConfig: {optionRoot: GPRO, optionType: C, strike: 50.00, expiry: "2016-01-15 16:00"}}
Position: {symbol:GPRO  160115P00060000, qty: -10, price: 0.75, optionConfig: {optionRoot: GPRO, optionType: C, strike: 60.00, expiry: "2016-01-15 16:00"}}

Strategies for account 'account3'
Option root 'GPRO'
Strategy: {strategyName: PutUnpairedShort, quantity: 10, margin: 23760.0000, marginDebug: {"((4600.00 * 0.2 + 0) * 10) + 14560.0000, (60.00 * 100.00 * 0.1) + 14560.0000"}, legs: [optionLeg: {symbol: "GPRO  160115P00060000", qty: -10, price: 14.56, optionConfig: {optionRoot: GPRO, optionType: P, strike: 60.00, expiry: "2016-01-15 16:00"}}]}
Strategy: {strategyName: PutUnpairedShort, quantity: 10, margin: 13430.0000, marginDebug: {"((4600.00 * 0.2 + 0) * 10) + 4230.0000, (50.00 * 100.00 * 0.1) + 4230.0000"}, legs: [optionLeg: {symbol: "GPRO  160115P00050000", qty: -10, price: 4.23, optionConfig: {optionRoot: GPRO, optionType: P, strike: 50.00, expiry: "2016-01-15 16:00"}}]}
Strategy: {strategyName: PutUnpairedShort, quantity: 10, margin: 4230.0000, marginDebug: {"((4600.00 * 0.2 + -600.0000) * 10) + 1030.0000, (40.00 * 100.00 * 0.1) + 1030.0000"}, legs: [optionLeg: {symbol: "GPRO  160115P00040000", qty: -10, price: 1.03, optionConfig: {optionRoot: GPRO, optionType: P, strike: 40.00, expiry: "2016-01-15 16:00"}}]}
Strategy: {strategyName: CallUnpairedShort, quantity: 10, margin: 15770.0000, marginDebug: {"((4600.00 * 0.2 + 0) * 10) + 6570.0000, (4600.00 * 10 * 0.1) + 6570.0000"}, legs: [optionLeg: {symbol: "GPRO  160115C00040000", qty: -10, price: 6.57, optionConfig: {optionRoot: GPRO, optionType: C, strike: 40.00, expiry: "2016-01-15 16:00"}}]}
Strategy: {strategyName: CallUnpairedShort, quantity: 10, margin: 7610.0000, marginDebug: {"((4600.00 * 0.2 + -400.0000) * 10) + 2410.0000, (4600.00 * 10 * 0.1) + 2410.0000"}, legs: [optionLeg: {symbol: "GPRO  160115C00050000", qty: -10, price: 2.41, optionConfig: {optionRoot: GPRO, optionType: C, strike: 50.00, expiry: "2016-01-15 16:00"}}]}
Strategy: {strategyName: CallUnpairedShort, quantity: 10, margin: 5350.0000, marginDebug: {"((4600.00 * 0.2 + -1400.000) * 10) + 750.0000, (4600.00 * 10 * 0.1) + 750.0000"}, legs: [optionLeg: {symbol: "GPRO  160115P00060000", qty: -10, price: 0.75, optionConfig: {optionRoot: GPRO, optionType: C, strike: 60.00, expiry: "2016-01-15 16:00"}}]}

Input for PairingRequest
OptionRoot: {optionRootSymbol:GPRO, exerciseStyle:A, underlyerType:S, deliverables:[Deliverable: {symbol:GPRO, qty:100, price:46.00, deliverableType:S}]}
Account: account5
Positions:
Position: {symbol:GPRO  160115P00040000, qty: -10, price: 1.03, optionConfig: {optionRoot: GPRO, optionType: P, strike: 40.00, expiry: "2016-01-15 16:00"}}
Position: {symbol:GPRO  160115P00050000, qty: 10, price: 4.23, optionConfig: {optionRoot: GPRO, optionType: P, strike: 50.00, expiry: "2016-01-15 16:00"}}
Position: {symbol:GPRO  160115C00040000, qty: -5, price: 6.57, optionConfig: {optionRoot: GPRO, optionType: C, strike: 40.00, expiry: "2016-01-15 16:00"}}
Position: {symbol:GPRO  160115C00050000, qty: -7, price: 2.41, optionConfig: {optionRoot: GPRO, optionType: C, strike: 50.00, expiry: "2016-01-15 16:00"}}
Position: {symbol:GPRO, qty: 960, price: 46.00}
Position: {symbol:GPRO  160115C00060000, qty: 8, price: 2.41, optionConfig: {optionRoot: GPRO, optionType: C, strike: 60.00, expiry: "2016-01-15 16:00"}}
Account: account6
Positions:
Position: {symbol:GPRO  160115P00040000, qty: -4, price: 1.03, optionConfig: {optionRoot: GPRO, optionType: P, strike: 40.00, expiry: "2016-01-15 16:00"}}
Position: {symbol:GPRO, qty: -960, price: 46.00}
Position: {symbol:GPRO  160115P00045000, qty: -6, price: 1.03, optionConfig: {optionRoot: GPRO, optionType: P, strike: 45.00, expiry: "2016-01-15 16:00"}}
Position: {symbol:GPRO  160115P00038000, qty: 3, price: 1.03, optionConfig: {optionRoot: GPRO, optionType: P, strike: 38.00, expiry: "2016-01-15 16:00"}}
Position: {symbol:GPRO  160115C00040000, qty: 6, price: 6.57, optionConfig: {optionRoot: GPRO, optionType: C, strike: 40.00, expiry: "2016-01-15 16:00"}}
Position: {symbol:GPRO  160115C00050000, qty: -10, price: 2.41, optionConfig: {optionRoot: GPRO, optionType: C, strike: 50.00, expiry: "2016-01-15 16:00"}}
Position: {symbol:GPRO  160115C00060000, qty: 8, price: 2.41, optionConfig: {optionRoot: GPRO, optionType: C, strike: 60.00, expiry: "2016-01-15 16:00"}}

Strategies for account 'account6'
Option root 'GPRO'
Strategy: {strategyName: CallButterflyLong, quantity: 5, margin: 0, legs: [optionLeg: {symbol: "GPRO  160115C00040000", qty: 5, price: 6.57, optionConfig: {optionRoot: GPRO, optionType: C, strike: 40.00, expiry: "2016-01-15 16:00"}}, optionLeg: {symbol: "GPRO  160115C00050000", qty: -10, price: 2.41, optionConfig: {optionRoot: GPRO, optionType: C, strike: 50.00, expiry: "2016-01-15 16:00"}}, optionLeg: {symbol: "GPRO  160115C00060000", qty: 5, price: 2.41, optionConfig: {optionRoot: GPRO, optionType: C, strike: 60.00, expiry: "2016-01-15 16:00"}}]}
Strategy: {strategyName: CoveredPut, quantity: 6, margin: 0, legs: [optionLeg: {symbol: "GPRO  160115P00045000", qty: -6, price: 1.03, optionConfig: {optionRoot: GPRO, optionType: P, strike: 45.00, expiry: "2016-01-15 16:00"}}, DeliverableLeg: {qty: -6, price: 4600.00, multiLegs:[stockLeg: {symbol: "GPRO", qty: -600, price: 46.00}]]}
Strategy: {strategyName: CoveredPut, quantity: 3, margin: 0, legs: [optionLeg: {symbol: "GPRO  160115P00040000", qty: -3, price: 1.03, optionConfig: {optionRoot: GPRO, optionType: P, strike: 40.00, expiry: "2016-01-15 16:00"}}, DeliverableLeg: {qty: -3, price: 4600.00, multiLegs:[stockLeg: {symbol: "GPRO", qty: -300, price: 46.00}]]}
Strategy: {strategyName: PutVerticalShort, quantity: 1, margin: 200.0000, legs: [optionLeg: {symbol: "GPRO  160115P00038000", qty: 1, price: 1.03, optionConfig: {optionRoot: GPRO, optionType: P, strike: 38.00, expiry: "2016-01-15 16:00"}}, optionLeg: {symbol: "GPRO  160115P00040000", qty: -1, price: 1.03, optionConfig: {optionRoot: GPRO, optionType: P, strike: 40.00, expiry: "2016-01-15 16:00"}}]}
Strategy: {strategyName: CallUnpairedLong, quantity: 1, margin: 0, legs: [optionLeg: {symbol: "GPRO  160115C00040000", qty: 1, price: 6.57, optionConfig: {optionRoot: GPRO, optionType: C, strike: 40.00, expiry: "2016-01-15 16:00"}}]}
Strategy: {strategyName: CallUnpairedLong, quantity: 3, margin: 0, legs: [optionLeg: {symbol: "GPRO  160115C00060000", qty: 3, price: 2.41, optionConfig: {optionRoot: GPRO, optionType: C, strike: 60.00, expiry: "2016-01-15 16:00"}}]}
Strategy: {strategyName: PutUnpairedLong, quantity: 2, margin: 0, legs: [optionLeg: {symbol: "GPRO  160115P00038000", qty: 2, price: 1.03, optionConfig: {optionRoot: GPRO, optionType: P, strike: 38.00, expiry: "2016-01-15 16:00"}}]}
Strategy: {strategyName: StockUnpairedShort, quantity: 60, margin: 0, legs: [stockLeg: {symbol: "GPRO", qty: -60, price: 46.00}]}
Strategies for account 'account5'
Option root 'GPRO'
Strategy: {strategyName: CoveredCall, quantity: 5, margin: 0, legs: [optionLeg: {symbol: "GPRO  160115C00040000", qty: -5, price: 6.57, optionConfig: {optionRoot: GPRO, optionType: C, strike: 40.00, expiry: "2016-01-15 16:00"}}, DeliverableLeg: {qty: 5, price: 4600.00, multiLegs:[stockLeg: {symbol: "GPRO", qty: 500, price: 46.00}]]}
Strategy: {strategyName: CoveredCall, quantity: 4, margin: 0, legs: [optionLeg: {symbol: "GPRO  160115C00050000", qty: -4, price: 2.41, optionConfig: {optionRoot: GPRO, optionType: C, strike: 50.00, expiry: "2016-01-15 16:00"}}, DeliverableLeg: {qty: 4, price: 4600.00, multiLegs:[stockLeg: {symbol: "GPRO", qty: 400, price: 46.00}]]}
Strategy: {strategyName: PutVerticalLong, quantity: 10, margin: 0, legs: [optionLeg: {symbol: "GPRO  160115P00040000", qty: -10, price: 1.03, optionConfig: {optionRoot: GPRO, optionType: P, strike: 40.00, expiry: "2016-01-15 16:00"}}, optionLeg: {symbol: "GPRO  160115P00050000", qty: 10, price: 4.23, optionConfig: {optionRoot: GPRO, optionType: P, strike: 50.00, expiry: "2016-01-15 16:00"}}]}
Strategy: {strategyName: CallVerticalShort, quantity: 3, margin: 3000.0000, legs: [optionLeg: {symbol: "GPRO  160115C00050000", qty: -3, price: 2.41, optionConfig: {optionRoot: GPRO, optionType: C, strike: 50.00, expiry: "2016-01-15 16:00"}}, optionLeg: {symbol: "GPRO  160115C00060000", qty: 3, price: 2.41, optionConfig: {optionRoot: GPRO, optionType: C, strike: 60.00, expiry: "2016-01-15 16:00"}}]}
Strategy: {strategyName: CallUnpairedLong, quantity: 5, margin: 0, legs: [optionLeg: {symbol: "GPRO  160115C00060000", qty: 5, price: 2.41, optionConfig: {optionRoot: GPRO, optionType: C, strike: 60.00, expiry: "2016-01-15 16:00"}}]}
Strategy: {strategyName: StockUnpairedLong, quantity: 60, margin: 0, legs: [stockLeg: {symbol: "GPRO", qty: 60, price: 46.00}]}

]]></system-out>
  <system-err><![CDATA[]]></system-err>
</testsuite>
